<?xml version="1.0" encoding="UTF-8"?>
<coverage generated="1671395068090" clover="3.2.0">
  <project timestamp="1671395068090" name="All files">
    <metrics statements="462" coveredstatements="420" conditionals="342" coveredconditionals="306" methods="128" coveredmethods="123" elements="932" coveredelements="849" complexity="0" loc="462" ncloc="462" packages="1" files="8" classes="8"/>
    <file name="eval.js" path="/home/mael/github/JavaScript_Project_S6/src/eval.js">
      <metrics statements="51" coveredstatements="51" conditionals="42" coveredconditionals="42" methods="7" coveredmethods="7"/>
      <line num="3" count="2" type="stmt"/>
      <line num="4" count="2" type="stmt"/>
      <line num="5" count="2" type="stmt"/>
      <line num="14" count="190" type="stmt"/>
      <line num="16" count="6240" type="stmt"/>
      <line num="19" count="4863" type="stmt"/>
      <line num="20" count="4863" type="cond" truecount="2" falsecount="0"/>
      <line num="21" count="179" type="stmt"/>
      <line num="23" count="4684" type="stmt"/>
      <line num="26" count="6" type="cond" truecount="5" falsecount="0"/>
      <line num="28" count="1" type="stmt"/>
      <line num="30" count="1" type="stmt"/>
      <line num="32" count="1" type="stmt"/>
      <line num="34" count="2" type="stmt"/>
      <line num="36" count="1" type="stmt"/>
      <line num="40" count="1133" type="cond" truecount="2" falsecount="0"/>
      <line num="41" count="573" type="stmt"/>
      <line num="43" count="560" type="stmt"/>
      <line num="47" count="1133" type="cond" truecount="2" falsecount="0"/>
      <line num="48" count="573" type="stmt"/>
      <line num="50" count="560" type="stmt"/>
      <line num="54" count="6240" type="cond" truecount="2" falsecount="0"/>
      <line num="55" count="179" type="stmt"/>
      <line num="57" count="6061" type="cond" truecount="2" falsecount="0"/>
      <line num="58" count="3" type="stmt"/>
      <line num="60" count="6058" type="cond" truecount="2" falsecount="0"/>
      <line num="61" count="1" type="stmt"/>
      <line num="63" count="6057" type="cond" truecount="2" falsecount="0"/>
      <line num="64" count="1" type="stmt"/>
      <line num="66" count="6056" type="cond" truecount="2" falsecount="0"/>
      <line num="67" count="6" type="stmt"/>
      <line num="68" count="5" type="stmt"/>
      <line num="70" count="6050" type="cond" truecount="4" falsecount="0"/>
      <line num="71" count="1" type="stmt"/>
      <line num="73" count="6049" type="stmt"/>
      <line num="74" count="6049" type="stmt"/>
      <line num="75" count="6049" type="cond" truecount="2" falsecount="0"/>
      <line num="76" count="547" type="stmt"/>
      <line num="78" count="5502" type="cond" truecount="2" falsecount="0"/>
      <line num="79" count="4313" type="stmt"/>
      <line num="80" count="4311" type="stmt"/>
      <line num="81" count="4311" type="stmt"/>
      <line num="83" count="1189" type="cond" truecount="5" falsecount="0"/>
      <line num="84" count="1188" type="stmt"/>
      <line num="85" count="1188" type="cond" truecount="4" falsecount="0"/>
      <line num="86" count="1133" type="stmt"/>
      <line num="89" count="55" type="cond" truecount="4" falsecount="0"/>
      <line num="90" count="1" type="stmt"/>
      <line num="93" count="54" type="stmt"/>
      <line num="98" count="1" type="stmt"/>
      <line num="101" count="190" type="stmt"/>
    </file>
    <file name="generatePuzzle.js" path="/home/mael/github/JavaScript_Project_S6/src/generatePuzzle.js">
      <metrics statements="77" coveredstatements="50" conditionals="64" coveredconditionals="41" methods="26" coveredmethods="23"/>
      <line num="4" count="1" type="stmt"/>
      <line num="5" count="1" type="stmt"/>
      <line num="6" count="1" type="stmt"/>
      <line num="13" count="384" type="stmt"/>
      <line num="21" count="2" type="stmt"/>
      <line num="31" count="100" type="stmt"/>
      <line num="42" count="100" type="cond" truecount="2" falsecount="0"/>
      <line num="43" count="18" type="stmt"/>
      <line num="46" count="82" type="stmt"/>
      <line num="56" count="50" type="stmt"/>
      <line num="65" count="50" type="stmt"/>
      <line num="76" count="1" type="stmt"/>
      <line num="78" count="6" type="stmt"/>
      <line num="81" count="4" type="stmt"/>
      <line num="82" count="4" type="cond" truecount="1" falsecount="1"/>
      <line num="83" count="0" type="stmt"/>
      <line num="85" count="4" type="stmt"/>
      <line num="88" count="0" type="cond" truecount="0" falsecount="5"/>
      <line num="90" count="0" type="stmt"/>
      <line num="92" count="0" type="stmt"/>
      <line num="94" count="0" type="stmt"/>
      <line num="96" count="0" type="stmt"/>
      <line num="98" count="0" type="stmt"/>
      <line num="102" count="0" type="cond" truecount="0" falsecount="2"/>
      <line num="103" count="0" type="stmt"/>
      <line num="105" count="0" type="stmt"/>
      <line num="109" count="12" type="stmt"/>
      <line num="110" count="192" type="cond" truecount="4" falsecount="0"/>
      <line num="111" count="1" type="cond" truecount="1" falsecount="1"/>
      <line num="112" count="0" type="stmt"/>
      <line num="115" count="1" type="stmt"/>
      <line num="118" count="191" type="stmt"/>
      <line num="124" count="5" type="cond" truecount="1" falsecount="1"/>
      <line num="125" count="60" type="stmt"/>
      <line num="126" count="960" type="cond" truecount="4" falsecount="0"/>
      <line num="127" count="5" type="cond" truecount="1" falsecount="1"/>
      <line num="128" count="0" type="stmt"/>
      <line num="130" count="5" type="stmt"/>
      <line num="133" count="955" type="stmt"/>
      <line num="137" count="0" type="stmt"/>
      <line num="141" count="0" type="cond" truecount="0" falsecount="2"/>
      <line num="142" count="0" type="stmt"/>
      <line num="144" count="0" type="stmt"/>
      <line num="148" count="6" type="cond" truecount="5" falsecount="1"/>
      <line num="149" count="0" type="stmt"/>
      <line num="151" count="6" type="cond" truecount="1" falsecount="1"/>
      <line num="152" count="0" type="stmt"/>
      <line num="154" count="6" type="cond" truecount="2" falsecount="0"/>
      <line num="155" count="1" type="stmt"/>
      <line num="157" count="5" type="cond" truecount="1" falsecount="1"/>
      <line num="158" count="0" type="stmt"/>
      <line num="160" count="5" type="cond" truecount="1" falsecount="1"/>
      <line num="161" count="0" type="stmt"/>
      <line num="163" count="5" type="cond" truecount="1" falsecount="1"/>
      <line num="164" count="0" type="stmt"/>
      <line num="165" count="0" type="stmt"/>
      <line num="167" count="5" type="cond" truecount="2" falsecount="2"/>
      <line num="168" count="0" type="stmt"/>
      <line num="170" count="5" type="stmt"/>
      <line num="171" count="5" type="stmt"/>
      <line num="172" count="5" type="cond" truecount="2" falsecount="0"/>
      <line num="173" count="1" type="stmt"/>
      <line num="175" count="4" type="cond" truecount="2" falsecount="0"/>
      <line num="176" count="3" type="stmt"/>
      <line num="177" count="3" type="stmt"/>
      <line num="178" count="3" type="stmt"/>
      <line num="179" count="3" type="stmt"/>
      <line num="181" count="0" type="stmt"/>
      <line num="184" count="1" type="cond" truecount="4" falsecount="1"/>
      <line num="185" count="1" type="stmt"/>
      <line num="186" count="1" type="cond" truecount="3" falsecount="1"/>
      <line num="187" count="0" type="stmt"/>
      <line num="190" count="1" type="cond" truecount="3" falsecount="1"/>
      <line num="191" count="0" type="stmt"/>
      <line num="194" count="1" type="stmt"/>
      <line num="199" count="0" type="stmt"/>
      <line num="202" count="1" type="stmt"/>
    </file>
    <file name="language.js" path="/home/mael/github/JavaScript_Project_S6/src/language.js">
      <metrics statements="21" coveredstatements="21" conditionals="25" coveredconditionals="25" methods="6" coveredmethods="6"/>
      <line num="10" count="102" type="cond" truecount="6" falsecount="0"/>
      <line num="11" count="1" type="stmt"/>
      <line num="14" count="101" type="cond" truecount="4" falsecount="0"/>
      <line num="15" count="85" type="cond" truecount="2" falsecount="0"/>
      <line num="16" count="4" type="stmt"/>
      <line num="18" count="81" type="stmt"/>
      <line num="21" count="16" type="stmt"/>
      <line num="35" count="104" type="cond" truecount="5" falsecount="0"/>
      <line num="37" count="36" type="stmt"/>
      <line num="39" count="35" type="stmt"/>
      <line num="41" count="6" type="stmt"/>
      <line num="43" count="25" type="stmt"/>
      <line num="45" count="2" type="stmt"/>
      <line num="58" count="95" type="stmt"/>
      <line num="69" count="38" type="cond" truecount="4" falsecount="0"/>
      <line num="70" count="30" type="stmt"/>
      <line num="72" count="8" type="stmt"/>
      <line num="84" count="1039" type="cond" truecount="4" falsecount="0"/>
      <line num="85" count="1017" type="stmt"/>
      <line num="87" count="22" type="stmt"/>
      <line num="99" count="1074" type="stmt"/>
    </file>
    <file name="languageSolution.js" path="/home/mael/github/JavaScript_Project_S6/src/languageSolution.js">
      <metrics statements="21" coveredstatements="20" conditionals="25" coveredconditionals="25" methods="6" coveredmethods="5"/>
      <line num="10" count="3740944" type="cond" truecount="6" falsecount="0"/>
      <line num="11" count="49834" type="stmt"/>
      <line num="14" count="3691110" type="cond" truecount="4" falsecount="0"/>
      <line num="15" count="1325272" type="cond" truecount="2" falsecount="0"/>
      <line num="16" count="55785" type="stmt"/>
      <line num="18" count="1269487" type="stmt"/>
      <line num="21" count="2365838" type="stmt"/>
      <line num="35" count="3747508" type="cond" truecount="5" falsecount="0"/>
      <line num="37" count="395981" type="stmt"/>
      <line num="39" count="3135140" type="stmt"/>
      <line num="41" count="132415" type="stmt"/>
      <line num="43" count="77408" type="stmt"/>
      <line num="45" count="6564" type="stmt"/>
      <line num="58" count="3747508" type="stmt"/>
      <line num="69" count="4415896" type="cond" truecount="4" falsecount="0"/>
      <line num="70" count="2124156" type="stmt"/>
      <line num="72" count="2291740" type="stmt"/>
      <line num="84" count="4506582" type="cond" truecount="4" falsecount="0"/>
      <line num="85" count="2144366" type="stmt"/>
      <line num="87" count="2362216" type="stmt"/>
      <line num="99" count="0" type="stmt"/>
    </file>
    <file name="list.js" path="/home/mael/github/JavaScript_Project_S6/src/list.js">
      <metrics statements="13" coveredstatements="13" conditionals="4" coveredconditionals="4" methods="8" coveredmethods="8"/>
      <line num="2" count="128495544" type="stmt"/>
      <line num="3" count="4" type="stmt"/>
      <line num="4" count="88336675" type="stmt"/>
      <line num="5" count="124015507" type="stmt"/>
      <line num="13" count="88336675" type="stmt"/>
      <line num="20" count="124015507" type="stmt"/>
      <line num="27" count="278539220" type="stmt"/>
      <line num="36" count="10" type="cond" truecount="2" falsecount="0"/>
      <line num="37" count="1" type="stmt"/>
      <line num="38" count="9" type="cond" truecount="2" falsecount="0"/>
      <line num="39" count="4" type="stmt"/>
      <line num="41" count="5" type="stmt"/>
      <line num="43" count="5" type="stmt"/>
    </file>
    <file name="solution.js" path="/home/mael/github/JavaScript_Project_S6/src/solution.js">
      <metrics statements="94" coveredstatements="80" conditionals="78" coveredconditionals="65" methods="27" coveredmethods="26"/>
      <line num="4" count="1" type="stmt"/>
      <line num="5" count="1" type="stmt"/>
      <line num="6" count="1" type="stmt"/>
      <line num="15" count="3538888" type="stmt"/>
      <line num="16" count="3538888" type="stmt"/>
      <line num="18" count="65358322" type="stmt"/>
      <line num="21" count="15608142" type="stmt"/>
      <line num="22" count="15608142" type="cond" truecount="2" falsecount="0"/>
      <line num="23" count="166" type="stmt"/>
      <line num="25" count="15607976" type="stmt"/>
      <line num="28" count="0" type="cond" truecount="0" falsecount="5"/>
      <line num="30" count="0" type="stmt"/>
      <line num="32" count="0" type="stmt"/>
      <line num="34" count="0" type="stmt"/>
      <line num="36" count="0" type="stmt"/>
      <line num="38" count="0" type="stmt"/>
      <line num="42" count="45753054" type="cond" truecount="2" falsecount="0"/>
      <line num="43" count="43816354" type="stmt"/>
      <line num="45" count="1936700" type="stmt"/>
      <line num="49" count="45753054" type="cond" truecount="2" falsecount="0"/>
      <line num="50" count="43816354" type="stmt"/>
      <line num="52" count="1936700" type="stmt"/>
      <line num="56" count="65358322" type="cond" truecount="2" falsecount="0"/>
      <line num="57" count="166" type="stmt"/>
      <line num="59" count="65358156" type="cond" truecount="2" falsecount="0"/>
      <line num="60" count="2172778" type="stmt"/>
      <line num="62" count="63185378" type="cond" truecount="1" falsecount="1"/>
      <line num="63" count="0" type="stmt"/>
      <line num="65" count="63185378" type="cond" truecount="2" falsecount="0"/>
      <line num="66" count="889245" type="stmt"/>
      <line num="68" count="62296133" type="cond" truecount="1" falsecount="1"/>
      <line num="69" count="0" type="stmt"/>
      <line num="70" count="0" type="stmt"/>
      <line num="72" count="62296133" type="cond" truecount="2" falsecount="2"/>
      <line num="73" count="0" type="stmt"/>
      <line num="75" count="62296133" type="stmt"/>
      <line num="76" count="62296133" type="stmt"/>
      <line num="77" count="62296133" type="cond" truecount="2" falsecount="0"/>
      <line num="78" count="3053512" type="stmt"/>
      <line num="80" count="59242621" type="cond" truecount="2" falsecount="0"/>
      <line num="81" count="12666813" type="stmt"/>
      <line num="82" count="12666813" type="cond" truecount="2" falsecount="0"/>
      <line num="83" count="112183" type="stmt"/>
      <line num="85" count="12554630" type="stmt"/>
      <line num="86" count="12554630" type="cond" truecount="4" falsecount="0"/>
      <line num="88" count="46575808" type="cond" truecount="4" falsecount="1"/>
      <line num="89" count="46575808" type="stmt"/>
      <line num="90" count="46575808" type="cond" truecount="4" falsecount="0"/>
      <line num="91" count="45753054" type="stmt"/>
      <line num="94" count="822754" type="cond" truecount="4" falsecount="0"/>
      <line num="95" count="364516" type="stmt"/>
      <line num="98" count="458238" type="stmt"/>
      <line num="103" count="0" type="stmt"/>
      <line num="106" count="3538888" type="stmt"/>
      <line num="117" count="9442264" type="stmt"/>
      <line num="118" count="9442264" type="cond" truecount="1" falsecount="1"/>
      <line num="119" count="0" type="stmt"/>
      <line num="121" count="9442264" type="stmt"/>
      <line num="122" count="9442264" type="stmt"/>
      <line num="132" count="3538888" type="stmt"/>
      <line num="141" count="1883912" type="stmt"/>
      <line num="142" count="1883912" type="cond" truecount="2" falsecount="0"/>
      <line num="143" count="1472440" type="stmt"/>
      <line num="145" count="1883912" type="cond" truecount="2" falsecount="0"/>
      <line num="146" count="4680" type="stmt"/>
      <line num="148" count="1883912" type="stmt"/>
      <line num="158" count="8369931" type="cond" truecount="2" falsecount="0"/>
      <line num="160" count="37" type="stmt"/>
      <line num="161" count="37" type="cond" truecount="1" falsecount="1"/>
      <line num="162" count="0" type="stmt"/>
      <line num="164" count="37" type="cond" truecount="4" falsecount="0"/>
      <line num="165" count="2704" type="stmt"/>
      <line num="168" count="1883912" type="cond" truecount="2" falsecount="0"/>
      <line num="178" count="48" type="cond" truecount="1" falsecount="1"/>
      <line num="179" count="0" type="stmt"/>
      <line num="181" count="48" type="cond" truecount="4" falsecount="0"/>
      <line num="182" count="20" type="stmt"/>
      <line num="184" count="28" type="cond" truecount="2" falsecount="0"/>
      <line num="185" count="14" type="stmt"/>
      <line num="188" count="14" type="stmt"/>
      <line num="199" count="48" type="stmt"/>
      <line num="200" count="48" type="cond" truecount="2" falsecount="0"/>
      <line num="201" count="37" type="stmt"/>
      <line num="202" count="9441792" type="stmt"/>
      <line num="204" count="472" type="stmt"/>
      <line num="216" count="49" type="cond" truecount="2" falsecount="0"/>
      <line num="217" count="3538894" type="stmt"/>
      <line num="218" count="3538888" type="stmt"/>
      <line num="219" count="42" type="cond" truecount="2" falsecount="0"/>
      <line num="220" count="37" type="stmt"/>
      <line num="222" count="5" type="stmt"/>
      <line num="224" count="1" type="stmt"/>
      <line num="226" count="166" type="stmt"/>
      <line num="237" count="166" type="stmt"/>
    </file>
    <file name="solutionSwitch.js" path="/home/mael/github/JavaScript_Project_S6/src/solutionSwitch.js">
      <metrics statements="165" coveredstatements="165" conditionals="94" coveredconditionals="94" methods="38" coveredmethods="38"/>
      <line num="11" count="3539060" type="stmt"/>
      <line num="12" count="3539060" type="stmt"/>
      <line num="13" count="3539060" type="stmt"/>
      <line num="14" count="3539060" type="stmt"/>
      <line num="15" count="3539060" type="stmt"/>
      <line num="16" count="3539060" type="stmt"/>
      <line num="18" count="16089518" type="cond" truecount="2" falsecount="0"/>
      <line num="19" count="2838830" type="stmt"/>
      <line num="21" count="13250688" type="cond" truecount="4" falsecount="0"/>
      <line num="22" count="12705501" type="cond" truecount="25" falsecount="0"/>
      <line num="24" count="471491" type="stmt"/>
      <line num="25" count="357911" type="stmt"/>
      <line num="27" count="881763" type="stmt"/>
      <line num="28" count="355709" type="stmt"/>
      <line num="30" count="882293" type="stmt"/>
      <line num="31" count="355432" type="stmt"/>
      <line num="33" count="688305" type="stmt"/>
      <line num="34" count="353137" type="stmt"/>
      <line num="36" count="881947" type="stmt"/>
      <line num="37" count="355708" type="stmt"/>
      <line num="39" count="881533" type="stmt"/>
      <line num="40" count="355168" type="stmt"/>
      <line num="42" count="855890" type="stmt"/>
      <line num="43" count="354672" type="stmt"/>
      <line num="45" count="952864" type="stmt"/>
      <line num="46" count="378008" type="stmt"/>
      <line num="48" count="986411" type="stmt"/>
      <line num="49" count="386752" type="stmt"/>
      <line num="51" count="887644" type="stmt"/>
      <line num="52" count="356944" type="stmt"/>
      <line num="54" count="957316" type="stmt"/>
      <line num="55" count="378808" type="stmt"/>
      <line num="57" count="957343" type="stmt"/>
      <line num="58" count="378814" type="stmt"/>
      <line num="60" count="72262" type="stmt"/>
      <line num="61" count="72262" type="stmt"/>
      <line num="63" count="72248" type="stmt"/>
      <line num="64" count="72248" type="stmt"/>
      <line num="66" count="72224" type="stmt"/>
      <line num="67" count="72224" type="stmt"/>
      <line num="69" count="72224" type="stmt"/>
      <line num="70" count="72224" type="stmt"/>
      <line num="72" count="276591" type="stmt"/>
      <line num="73" count="276591" type="stmt"/>
      <line num="75" count="288991" type="stmt"/>
      <line num="76" count="288991" type="stmt"/>
      <line num="78" count="72135" type="stmt"/>
      <line num="79" count="72135" type="stmt"/>
      <line num="81" count="71975" type="stmt"/>
      <line num="82" count="71975" type="stmt"/>
      <line num="84" count="32196" type="stmt"/>
      <line num="85" count="32196" type="stmt"/>
      <line num="87" count="32196" type="stmt"/>
      <line num="88" count="32196" type="stmt"/>
      <line num="90" count="8256" type="stmt"/>
      <line num="91" count="8256" type="stmt"/>
      <line num="93" count="8256" type="stmt"/>
      <line num="94" count="8256" type="stmt"/>
      <line num="96" count="7258884" type="stmt"/>
      <line num="99" count="7804071" type="cond" truecount="4" falsecount="0"/>
      <line num="100" count="7048031" type="cond" truecount="25" falsecount="0"/>
      <line num="102" count="334702" type="stmt"/>
      <line num="103" count="334702" type="stmt"/>
      <line num="105" count="306595" type="stmt"/>
      <line num="106" count="306595" type="stmt"/>
      <line num="108" count="306595" type="stmt"/>
      <line num="109" count="306595" type="stmt"/>
      <line num="111" count="319051" type="stmt"/>
      <line num="112" count="319051" type="stmt"/>
      <line num="114" count="306595" type="stmt"/>
      <line num="115" count="306595" type="stmt"/>
      <line num="117" count="306595" type="stmt"/>
      <line num="118" count="306595" type="stmt"/>
      <line num="120" count="307267" type="stmt"/>
      <line num="121" count="307267" type="stmt"/>
      <line num="123" count="310595" type="stmt"/>
      <line num="124" count="310595" type="stmt"/>
      <line num="126" count="325603" type="stmt"/>
      <line num="127" count="325603" type="stmt"/>
      <line num="129" count="309267" type="stmt"/>
      <line num="130" count="309267" type="stmt"/>
      <line num="132" count="311475" type="stmt"/>
      <line num="133" count="311475" type="stmt"/>
      <line num="135" count="311475" type="stmt"/>
      <line num="136" count="311475" type="stmt"/>
      <line num="138" count="295843" type="stmt"/>
      <line num="139" count="295843" type="stmt"/>
      <line num="141" count="309043" type="stmt"/>
      <line num="142" count="309043" type="stmt"/>
      <line num="144" count="286483" type="stmt"/>
      <line num="145" count="286483" type="stmt"/>
      <line num="147" count="287363" type="stmt"/>
      <line num="148" count="287363" type="stmt"/>
      <line num="150" count="282243" type="stmt"/>
      <line num="151" count="282243" type="stmt"/>
      <line num="153" count="290451" type="stmt"/>
      <line num="154" count="290451" type="stmt"/>
      <line num="156" count="286483" type="stmt"/>
      <line num="157" count="286483" type="stmt"/>
      <line num="159" count="287363" type="stmt"/>
      <line num="160" count="287363" type="stmt"/>
      <line num="162" count="32956" type="stmt"/>
      <line num="163" count="32956" type="stmt"/>
      <line num="165" count="32956" type="stmt"/>
      <line num="166" count="32956" type="stmt"/>
      <line num="168" count="31804" type="stmt"/>
      <line num="169" count="31804" type="stmt"/>
      <line num="171" count="31804" type="stmt"/>
      <line num="172" count="31804" type="stmt"/>
      <line num="174" count="837424" type="stmt"/>
      <line num="177" count="1593464" type="cond" truecount="4" falsecount="0"/>
      <line num="178" count="1035986" type="cond" truecount="25" falsecount="0"/>
      <line num="180" count="37502" type="stmt"/>
      <line num="181" count="37502" type="stmt"/>
      <line num="183" count="37740" type="stmt"/>
      <line num="184" count="37740" type="stmt"/>
      <line num="186" count="37740" type="stmt"/>
      <line num="187" count="37740" type="stmt"/>
      <line num="189" count="37500" type="stmt"/>
      <line num="190" count="37500" type="stmt"/>
      <line num="192" count="37740" type="stmt"/>
      <line num="193" count="37740" type="stmt"/>
      <line num="195" count="37740" type="stmt"/>
      <line num="196" count="37740" type="stmt"/>
      <line num="198" count="37452" type="stmt"/>
      <line num="199" count="37452" type="stmt"/>
      <line num="201" count="37740" type="stmt"/>
      <line num="202" count="37740" type="stmt"/>
      <line num="204" count="37740" type="stmt"/>
      <line num="205" count="37740" type="stmt"/>
      <line num="207" count="37452" type="stmt"/>
      <line num="208" count="37452" type="stmt"/>
      <line num="210" count="37740" type="stmt"/>
      <line num="211" count="37740" type="stmt"/>
      <line num="213" count="37740" type="stmt"/>
      <line num="214" count="37740" type="stmt"/>
      <line num="216" count="36600" type="stmt"/>
      <line num="217" count="36600" type="stmt"/>
      <line num="219" count="36600" type="stmt"/>
      <line num="220" count="36600" type="stmt"/>
      <line num="222" count="36588" type="stmt"/>
      <line num="223" count="36588" type="stmt"/>
      <line num="225" count="36588" type="stmt"/>
      <line num="226" count="36588" type="stmt"/>
      <line num="228" count="37740" type="stmt"/>
      <line num="229" count="37740" type="stmt"/>
      <line num="231" count="37740" type="stmt"/>
      <line num="232" count="37740" type="stmt"/>
      <line num="234" count="36588" type="stmt"/>
      <line num="235" count="36588" type="stmt"/>
      <line num="237" count="36588" type="stmt"/>
      <line num="238" count="36588" type="stmt"/>
      <line num="240" count="36600" type="stmt"/>
      <line num="241" count="36600" type="stmt"/>
      <line num="243" count="36600" type="stmt"/>
      <line num="244" count="36600" type="stmt"/>
      <line num="246" count="36588" type="stmt"/>
      <line num="247" count="36588" type="stmt"/>
      <line num="249" count="36588" type="stmt"/>
      <line num="250" count="36588" type="stmt"/>
      <line num="252" count="142752" type="stmt"/>
      <line num="255" count="700230" type="cond" truecount="5" falsecount="0"/>
      <line num="256" count="6" type="stmt"/>
      <line num="258" count="700224" type="stmt"/>
      <line num="260" count="3539060" type="stmt"/>
    </file>
    <file name="stack.js" path="/home/mael/github/JavaScript_Project_S6/src/stack.js">
      <metrics statements="20" coveredstatements="20" conditionals="10" coveredconditionals="10" methods="10" coveredmethods="10"/>
      <line num="8" count="7078172" type="stmt"/>
      <line num="17" count="278539197" type="stmt"/>
      <line num="27" count="128495540" type="stmt"/>
      <line num="36" count="124015493" type="cond" truecount="2" falsecount="0"/>
      <line num="37" count="1" type="stmt"/>
      <line num="39" count="124015492" type="stmt"/>
      <line num="48" count="88336663" type="cond" truecount="2" falsecount="0"/>
      <line num="49" count="1" type="stmt"/>
      <line num="51" count="88336662" type="stmt"/>
      <line num="60" count="5" type="stmt"/>
      <line num="70" count="3" type="cond" truecount="2" falsecount="0"/>
      <line num="71" count="2" type="stmt"/>
      <line num="73" count="1" type="stmt"/>
      <line num="83" count="4" type="cond" truecount="2" falsecount="0"/>
      <line num="84" count="1" type="stmt"/>
      <line num="86" count="3" type="stmt"/>
      <line num="89" count="1" type="stmt"/>
      <line num="98" count="4" type="cond" truecount="2" falsecount="0"/>
      <line num="99" count="1" type="stmt"/>
      <line num="101" count="3" type="stmt"/>
    </file>
  </project>
</coverage>
