{"/home/mael/github/JavaScript_Project_S6/src/eval.js": {"path":"/home/mael/github/JavaScript_Project_S6/src/eval.js","statementMap":{"0":{"start":{"line":3,"column":23},"end":{"line":3,"column":27}},"1":{"start":{"line":4,"column":20},"end":{"line":4,"column":22}},"2":{"start":{"line":5,"column":29},"end":{"line":5,"column":30}},"3":{"start":{"line":14,"column":32},"end":{"line":14,"column":45}},"4":{"start":{"line":16,"column":8},"end":{"line":16,"column":80}},"5":{"start":{"line":19,"column":40},"end":{"line":19,"column":78}},"6":{"start":{"line":20,"column":8},"end":{"line":22,"column":9}},"7":{"start":{"line":21,"column":12},"end":{"line":21,"column":65}},"8":{"start":{"line":23,"column":8},"end":{"line":23,"column":39}},"9":{"start":{"line":26,"column":8},"end":{"line":37,"column":9}},"10":{"start":{"line":28,"column":16},"end":{"line":28,"column":75}},"11":{"start":{"line":30,"column":16},"end":{"line":30,"column":75}},"12":{"start":{"line":32,"column":16},"end":{"line":32,"column":75}},"13":{"start":{"line":34,"column":16},"end":{"line":34,"column":75}},"14":{"start":{"line":36,"column":16},"end":{"line":36,"column":57}},"15":{"start":{"line":40,"column":8},"end":{"line":44,"column":9}},"16":{"start":{"line":41,"column":12},"end":{"line":41,"column":81}},"17":{"start":{"line":43,"column":12},"end":{"line":43,"column":150}},"18":{"start":{"line":47,"column":8},"end":{"line":51,"column":9}},"19":{"start":{"line":48,"column":12},"end":{"line":48,"column":99}},"20":{"start":{"line":50,"column":12},"end":{"line":50,"column":184}},"21":{"start":{"line":54,"column":8},"end":{"line":56,"column":9}},"22":{"start":{"line":55,"column":12},"end":{"line":55,"column":39}},"23":{"start":{"line":57,"column":8},"end":{"line":59,"column":9}},"24":{"start":{"line":58,"column":12},"end":{"line":58,"column":43}},"25":{"start":{"line":60,"column":8},"end":{"line":62,"column":9}},"26":{"start":{"line":61,"column":12},"end":{"line":61,"column":47}},"27":{"start":{"line":63,"column":8},"end":{"line":65,"column":9}},"28":{"start":{"line":64,"column":12},"end":{"line":64,"column":48}},"29":{"start":{"line":66,"column":8},"end":{"line":72,"column":9}},"30":{"start":{"line":67,"column":30},"end":{"line":67,"column":89}},"31":{"start":{"line":68,"column":12},"end":{"line":68,"column":129}},"32":{"start":{"line":70,"column":13},"end":{"line":72,"column":9}},"33":{"start":{"line":71,"column":12},"end":{"line":71,"column":54}},"34":{"start":{"line":73,"column":32},"end":{"line":73,"column":58}},"35":{"start":{"line":74,"column":35},"end":{"line":74,"column":99}},"36":{"start":{"line":75,"column":8},"end":{"line":99,"column":9}},"37":{"start":{"line":76,"column":12},"end":{"line":76,"column":177}},"38":{"start":{"line":78,"column":13},"end":{"line":99,"column":9}},"39":{"start":{"line":79,"column":30},"end":{"line":79,"column":69}},"40":{"start":{"line":80,"column":29},"end":{"line":80,"column":73}},"41":{"start":{"line":81,"column":12},"end":{"line":81,"column":367}},"42":{"start":{"line":83,"column":13},"end":{"line":99,"column":9}},"43":{"start":{"line":84,"column":29},"end":{"line":84,"column":73}},"44":{"start":{"line":85,"column":12},"end":{"line":95,"column":13}},"45":{"start":{"line":86,"column":16},"end":{"line":86,"column":369}},"46":{"start":{"line":89,"column":16},"end":{"line":94,"column":17}},"47":{"start":{"line":90,"column":20},"end":{"line":90,"column":51}},"48":{"start":{"line":93,"column":20},"end":{"line":93,"column":341}},"49":{"start":{"line":98,"column":12},"end":{"line":98,"column":53}},"50":{"start":{"line":101,"column":4},"end":{"line":101,"column":193}}},"fnMap":{"0":{"name":"evaluator","decl":{"start":{"line":13,"column":9},"end":{"line":13,"column":18}},"loc":{"start":{"line":13,"column":36},"end":{"line":102,"column":1}},"line":13},"1":{"name":"isDone","decl":{"start":{"line":15,"column":13},"end":{"line":15,"column":19}},"loc":{"start":{"line":15,"column":41},"end":{"line":17,"column":5}},"line":15},"2":{"name":"update","decl":{"start":{"line":18,"column":13},"end":{"line":18,"column":19}},"loc":{"start":{"line":18,"column":56},"end":{"line":24,"column":5}},"line":18},"3":{"name":"jumppad","decl":{"start":{"line":25,"column":13},"end":{"line":25,"column":20}},"loc":{"start":{"line":25,"column":37},"end":{"line":38,"column":5}},"line":25},"4":{"name":"addDebug","decl":{"start":{"line":39,"column":13},"end":{"line":39,"column":21}},"loc":{"start":{"line":39,"column":110},"end":{"line":45,"column":5}},"line":39},"5":{"name":"addInstructionFromOldFunction","decl":{"start":{"line":46,"column":13},"end":{"line":46,"column":42}},"loc":{"start":{"line":46,"column":127},"end":{"line":52,"column":5}},"line":46},"6":{"name":"evalRec","decl":{"start":{"line":53,"column":13},"end":{"line":53,"column":20}},"loc":{"start":{"line":53,"column":97},"end":{"line":100,"column":5}},"line":53}},"branchMap":{"0":{"loc":{"start":{"line":20,"column":8},"end":{"line":22,"column":9}},"type":"if","locations":[{"start":{"line":20,"column":8},"end":{"line":22,"column":9}},{"start":{},"end":{}}],"line":20},"1":{"loc":{"start":{"line":26,"column":8},"end":{"line":37,"column":9}},"type":"switch","locations":[{"start":{"line":27,"column":12},"end":{"line":28,"column":75}},{"start":{"line":29,"column":12},"end":{"line":30,"column":75}},{"start":{"line":31,"column":12},"end":{"line":32,"column":75}},{"start":{"line":33,"column":12},"end":{"line":34,"column":75}},{"start":{"line":35,"column":12},"end":{"line":36,"column":57}}],"line":26},"2":{"loc":{"start":{"line":40,"column":8},"end":{"line":44,"column":9}},"type":"if","locations":[{"start":{"line":40,"column":8},"end":{"line":44,"column":9}},{"start":{"line":42,"column":15},"end":{"line":44,"column":9}}],"line":40},"3":{"loc":{"start":{"line":47,"column":8},"end":{"line":51,"column":9}},"type":"if","locations":[{"start":{"line":47,"column":8},"end":{"line":51,"column":9}},{"start":{"line":49,"column":15},"end":{"line":51,"column":9}}],"line":47},"4":{"loc":{"start":{"line":54,"column":8},"end":{"line":56,"column":9}},"type":"if","locations":[{"start":{"line":54,"column":8},"end":{"line":56,"column":9}},{"start":{},"end":{}}],"line":54},"5":{"loc":{"start":{"line":57,"column":8},"end":{"line":59,"column":9}},"type":"if","locations":[{"start":{"line":57,"column":8},"end":{"line":59,"column":9}},{"start":{},"end":{}}],"line":57},"6":{"loc":{"start":{"line":60,"column":8},"end":{"line":62,"column":9}},"type":"if","locations":[{"start":{"line":60,"column":8},"end":{"line":62,"column":9}},{"start":{},"end":{}}],"line":60},"7":{"loc":{"start":{"line":63,"column":8},"end":{"line":65,"column":9}},"type":"if","locations":[{"start":{"line":63,"column":8},"end":{"line":65,"column":9}},{"start":{},"end":{}}],"line":63},"8":{"loc":{"start":{"line":66,"column":8},"end":{"line":72,"column":9}},"type":"if","locations":[{"start":{"line":66,"column":8},"end":{"line":72,"column":9}},{"start":{"line":70,"column":13},"end":{"line":72,"column":9}}],"line":66},"9":{"loc":{"start":{"line":70,"column":13},"end":{"line":72,"column":9}},"type":"if","locations":[{"start":{"line":70,"column":13},"end":{"line":72,"column":9}},{"start":{},"end":{}}],"line":70},"10":{"loc":{"start":{"line":70,"column":17},"end":{"line":70,"column":97}},"type":"binary-expr","locations":[{"start":{"line":70,"column":17},"end":{"line":70,"column":72}},{"start":{"line":70,"column":76},"end":{"line":70,"column":97}}],"line":70},"11":{"loc":{"start":{"line":75,"column":8},"end":{"line":99,"column":9}},"type":"if","locations":[{"start":{"line":75,"column":8},"end":{"line":99,"column":9}},{"start":{"line":78,"column":13},"end":{"line":99,"column":9}}],"line":75},"12":{"loc":{"start":{"line":78,"column":13},"end":{"line":99,"column":9}},"type":"if","locations":[{"start":{"line":78,"column":13},"end":{"line":99,"column":9}},{"start":{"line":83,"column":13},"end":{"line":99,"column":9}}],"line":78},"13":{"loc":{"start":{"line":83,"column":13},"end":{"line":99,"column":9}},"type":"if","locations":[{"start":{"line":83,"column":13},"end":{"line":99,"column":9}},{"start":{"line":97,"column":13},"end":{"line":99,"column":9}}],"line":83},"14":{"loc":{"start":{"line":83,"column":17},"end":{"line":83,"column":142}},"type":"binary-expr","locations":[{"start":{"line":83,"column":17},"end":{"line":83,"column":56}},{"start":{"line":83,"column":60},"end":{"line":83,"column":89}},{"start":{"line":83,"column":93},"end":{"line":83,"column":142}}],"line":83},"15":{"loc":{"start":{"line":85,"column":12},"end":{"line":95,"column":13}},"type":"if","locations":[{"start":{"line":85,"column":12},"end":{"line":95,"column":13}},{"start":{"line":88,"column":17},"end":{"line":95,"column":13}}],"line":85},"16":{"loc":{"start":{"line":85,"column":16},"end":{"line":85,"column":124}},"type":"binary-expr","locations":[{"start":{"line":85,"column":17},"end":{"line":85,"column":86}},{"start":{"line":85,"column":92},"end":{"line":85,"column":123}}],"line":85},"17":{"loc":{"start":{"line":89,"column":16},"end":{"line":94,"column":17}},"type":"if","locations":[{"start":{"line":89,"column":16},"end":{"line":94,"column":17}},{"start":{"line":92,"column":21},"end":{"line":94,"column":17}}],"line":89},"18":{"loc":{"start":{"line":89,"column":20},"end":{"line":89,"column":132}},"type":"binary-expr","locations":[{"start":{"line":89,"column":20},"end":{"line":89,"column":48}},{"start":{"line":89,"column":52},"end":{"line":89,"column":132}}],"line":89}},"s":{"0":2,"1":2,"2":2,"3":190,"4":6240,"5":4863,"6":4863,"7":179,"8":4684,"9":6,"10":1,"11":1,"12":1,"13":2,"14":1,"15":1133,"16":573,"17":560,"18":1133,"19":573,"20":560,"21":6240,"22":179,"23":6061,"24":3,"25":6058,"26":1,"27":6057,"28":1,"29":6056,"30":6,"31":5,"32":6050,"33":1,"34":6049,"35":6049,"36":6049,"37":547,"38":5502,"39":4313,"40":4311,"41":4311,"42":1189,"43":1188,"44":1188,"45":1133,"46":55,"47":1,"48":54,"49":1,"50":190},"f":{"0":190,"1":6240,"2":4863,"3":6,"4":1133,"5":1133,"6":6240},"b":{"0":[179,4684],"1":[1,1,1,2,1],"2":[573,560],"3":[573,560],"4":[179,6061],"5":[3,6058],"6":[1,6057],"7":[1,6056],"8":[6,6050],"9":[1,6049],"10":[6050,3],"11":[547,5502],"12":[4313,1189],"13":[1188,1],"14":[1189,1189,1189],"15":[1133,55],"16":[1188,428],"17":[1,54],"18":[55,4]},"_coverageSchema":"1a1c01bbd47fc00a2c39e90264f33305004495a9","hash":"80352166cd6f6cd5cab2692f4741eeb73a01271c"}
,"/home/mael/github/JavaScript_Project_S6/src/generatePuzzle.js": {"path":"/home/mael/github/JavaScript_Project_S6/src/generatePuzzle.js","statementMap":{"0":{"start":{"line":4,"column":23},"end":{"line":4,"column":27}},"1":{"start":{"line":5,"column":20},"end":{"line":5,"column":22}},"2":{"start":{"line":6,"column":29},"end":{"line":6,"column":30}},"3":{"start":{"line":13,"column":4},"end":{"line":13,"column":127}},"4":{"start":{"line":13,"column":39},"end":{"line":13,"column":60}},"5":{"start":{"line":13,"column":77},"end":{"line":13,"column":125}},"6":{"start":{"line":13,"column":99},"end":{"line":13,"column":124}},"7":{"start":{"line":21,"column":4},"end":{"line":21,"column":115}},"8":{"start":{"line":31,"column":4},"end":{"line":31,"column":45}},"9":{"start":{"line":42,"column":4},"end":{"line":47,"column":5}},"10":{"start":{"line":43,"column":8},"end":{"line":43,"column":55}},"11":{"start":{"line":46,"column":8},"end":{"line":46,"column":61}},"12":{"start":{"line":56,"column":4},"end":{"line":56,"column":123}},"13":{"start":{"line":56,"column":38},"end":{"line":56,"column":121}},"14":{"start":{"line":56,"column":78},"end":{"line":56,"column":120}},"15":{"start":{"line":65,"column":4},"end":{"line":65,"column":135}},"16":{"start":{"line":65,"column":38},"end":{"line":65,"column":133}},"17":{"start":{"line":65,"column":78},"end":{"line":65,"column":132}},"18":{"start":{"line":76,"column":32},"end":{"line":76,"column":45}},"19":{"start":{"line":78,"column":8},"end":{"line":78,"column":80}},"20":{"start":{"line":81,"column":40},"end":{"line":81,"column":78}},"21":{"start":{"line":82,"column":8},"end":{"line":84,"column":9}},"22":{"start":{"line":83,"column":12},"end":{"line":83,"column":65}},"23":{"start":{"line":85,"column":8},"end":{"line":85,"column":39}},"24":{"start":{"line":88,"column":8},"end":{"line":99,"column":9}},"25":{"start":{"line":90,"column":16},"end":{"line":90,"column":75}},"26":{"start":{"line":92,"column":16},"end":{"line":92,"column":75}},"27":{"start":{"line":94,"column":16},"end":{"line":94,"column":75}},"28":{"start":{"line":96,"column":16},"end":{"line":96,"column":75}},"29":{"start":{"line":98,"column":16},"end":{"line":98,"column":57}},"30":{"start":{"line":102,"column":8},"end":{"line":106,"column":9}},"31":{"start":{"line":103,"column":12},"end":{"line":103,"column":81}},"32":{"start":{"line":105,"column":12},"end":{"line":105,"column":150}},"33":{"start":{"line":109,"column":8},"end":{"line":120,"column":12}},"34":{"start":{"line":109,"column":36},"end":{"line":120,"column":10}},"35":{"start":{"line":110,"column":12},"end":{"line":119,"column":13}},"36":{"start":{"line":111,"column":16},"end":{"line":116,"column":17}},"37":{"start":{"line":112,"column":20},"end":{"line":112,"column":47}},"38":{"start":{"line":115,"column":20},"end":{"line":115,"column":77}},"39":{"start":{"line":118,"column":16},"end":{"line":118,"column":35}},"40":{"start":{"line":124,"column":4},"end":{"line":138,"column":5}},"41":{"start":{"line":125,"column":8},"end":{"line":135,"column":12}},"42":{"start":{"line":125,"column":36},"end":{"line":135,"column":10}},"43":{"start":{"line":126,"column":12},"end":{"line":134,"column":13}},"44":{"start":{"line":127,"column":16},"end":{"line":131,"column":17}},"45":{"start":{"line":128,"column":20},"end":{"line":128,"column":127}},"46":{"start":{"line":130,"column":20},"end":{"line":130,"column":128}},"47":{"start":{"line":133,"column":16},"end":{"line":133,"column":35}},"48":{"start":{"line":137,"column":8},"end":{"line":137,"column":21}},"49":{"start":{"line":141,"column":8},"end":{"line":145,"column":9}},"50":{"start":{"line":142,"column":12},"end":{"line":142,"column":99}},"51":{"start":{"line":144,"column":12},"end":{"line":144,"column":184}},"52":{"start":{"line":148,"column":8},"end":{"line":150,"column":9}},"53":{"start":{"line":149,"column":12},"end":{"line":149,"column":139}},"54":{"start":{"line":151,"column":8},"end":{"line":153,"column":9}},"55":{"start":{"line":152,"column":12},"end":{"line":152,"column":139}},"56":{"start":{"line":154,"column":8},"end":{"line":156,"column":9}},"57":{"start":{"line":155,"column":12},"end":{"line":155,"column":139}},"58":{"start":{"line":157,"column":8},"end":{"line":159,"column":9}},"59":{"start":{"line":158,"column":12},"end":{"line":158,"column":139}},"60":{"start":{"line":160,"column":8},"end":{"line":162,"column":9}},"61":{"start":{"line":161,"column":12},"end":{"line":161,"column":139}},"62":{"start":{"line":163,"column":8},"end":{"line":169,"column":9}},"63":{"start":{"line":164,"column":30},"end":{"line":164,"column":89}},"64":{"start":{"line":165,"column":12},"end":{"line":165,"column":181}},"65":{"start":{"line":167,"column":13},"end":{"line":169,"column":9}},"66":{"start":{"line":168,"column":12},"end":{"line":168,"column":54}},"67":{"start":{"line":170,"column":32},"end":{"line":170,"column":58}},"68":{"start":{"line":171,"column":35},"end":{"line":171,"column":99}},"69":{"start":{"line":172,"column":8},"end":{"line":200,"column":9}},"70":{"start":{"line":173,"column":12},"end":{"line":173,"column":229}},"71":{"start":{"line":175,"column":13},"end":{"line":200,"column":9}},"72":{"start":{"line":176,"column":12},"end":{"line":182,"column":13}},"73":{"start":{"line":177,"column":30},"end":{"line":177,"column":62}},"74":{"start":{"line":178,"column":29},"end":{"line":178,"column":73}},"75":{"start":{"line":179,"column":12},"end":{"line":179,"column":419}},"76":{"start":{"line":181,"column":16},"end":{"line":181,"column":143}},"77":{"start":{"line":184,"column":13},"end":{"line":200,"column":9}},"78":{"start":{"line":185,"column":29},"end":{"line":185,"column":73}},"79":{"start":{"line":186,"column":12},"end":{"line":196,"column":13}},"80":{"start":{"line":187,"column":16},"end":{"line":187,"column":421}},"81":{"start":{"line":190,"column":16},"end":{"line":195,"column":17}},"82":{"start":{"line":191,"column":20},"end":{"line":191,"column":51}},"83":{"start":{"line":194,"column":20},"end":{"line":194,"column":394}},"84":{"start":{"line":199,"column":12},"end":{"line":199,"column":53}},"85":{"start":{"line":202,"column":4},"end":{"line":202,"column":207}}},"fnMap":{"0":{"name":"boardInit","decl":{"start":{"line":12,"column":9},"end":{"line":12,"column":18}},"loc":{"start":{"line":12,"column":21},"end":{"line":14,"column":1}},"line":12},"1":{"name":"(anonymous_1)","decl":{"start":{"line":13,"column":33},"end":{"line":13,"column":34}},"loc":{"start":{"line":13,"column":39},"end":{"line":13,"column":60}},"line":13},"2":{"name":"(anonymous_2)","decl":{"start":{"line":13,"column":66},"end":{"line":13,"column":67}},"loc":{"start":{"line":13,"column":77},"end":{"line":13,"column":125}},"line":13},"3":{"name":"(anonymous_3)","decl":{"start":{"line":13,"column":84},"end":{"line":13,"column":85}},"loc":{"start":{"line":13,"column":99},"end":{"line":13,"column":124}},"line":13},"4":{"name":"puzzleInit","decl":{"start":{"line":20,"column":9},"end":{"line":20,"column":19}},"loc":{"start":{"line":20,"column":22},"end":{"line":22,"column":1}},"line":20},"5":{"name":"getRandomArbitrary","decl":{"start":{"line":30,"column":9},"end":{"line":30,"column":27}},"loc":{"start":{"line":30,"column":38},"end":{"line":32,"column":1}},"line":30},"6":{"name":"getBiasedInt","decl":{"start":{"line":41,"column":9},"end":{"line":41,"column":21}},"loc":{"start":{"line":41,"column":33},"end":{"line":48,"column":1}},"line":41},"7":{"name":"generateColorProgram","decl":{"start":{"line":55,"column":9},"end":{"line":55,"column":29}},"loc":{"start":{"line":55,"column":38},"end":{"line":57,"column":1}},"line":55},"8":{"name":"(anonymous_8)","decl":{"start":{"line":56,"column":32},"end":{"line":56,"column":33}},"loc":{"start":{"line":56,"column":38},"end":{"line":56,"column":121}},"line":56},"9":{"name":"(anonymous_9)","decl":{"start":{"line":56,"column":63},"end":{"line":56,"column":64}},"loc":{"start":{"line":56,"column":78},"end":{"line":56,"column":120}},"line":56},"10":{"name":"generateProgram","decl":{"start":{"line":64,"column":9},"end":{"line":64,"column":24}},"loc":{"start":{"line":64,"column":39},"end":{"line":66,"column":1}},"line":64},"11":{"name":"(anonymous_11)","decl":{"start":{"line":65,"column":32},"end":{"line":65,"column":33}},"loc":{"start":{"line":65,"column":38},"end":{"line":65,"column":133}},"line":65},"12":{"name":"(anonymous_12)","decl":{"start":{"line":65,"column":63},"end":{"line":65,"column":64}},"loc":{"start":{"line":65,"column":78},"end":{"line":65,"column":132}},"line":65},"13":{"name":"generateSolvablePuzzle","decl":{"start":{"line":75,"column":9},"end":{"line":75,"column":31}},"loc":{"start":{"line":75,"column":63},"end":{"line":203,"column":1}},"line":75},"14":{"name":"isDone","decl":{"start":{"line":77,"column":13},"end":{"line":77,"column":19}},"loc":{"start":{"line":77,"column":41},"end":{"line":79,"column":5}},"line":77},"15":{"name":"update","decl":{"start":{"line":80,"column":13},"end":{"line":80,"column":19}},"loc":{"start":{"line":80,"column":56},"end":{"line":86,"column":5}},"line":80},"16":{"name":"jumppad","decl":{"start":{"line":87,"column":13},"end":{"line":87,"column":20}},"loc":{"start":{"line":87,"column":37},"end":{"line":100,"column":5}},"line":87},"17":{"name":"addDebug","decl":{"start":{"line":101,"column":13},"end":{"line":101,"column":21}},"loc":{"start":{"line":101,"column":110},"end":{"line":107,"column":5}},"line":101},"18":{"name":"addLastAchievement","decl":{"start":{"line":108,"column":13},"end":{"line":108,"column":31}},"loc":{"start":{"line":108,"column":59},"end":{"line":121,"column":5}},"line":108},"19":{"name":"(anonymous_19)","decl":{"start":{"line":109,"column":25},"end":{"line":109,"column":26}},"loc":{"start":{"line":109,"column":36},"end":{"line":120,"column":10}},"line":109},"20":{"name":"(anonymous_20)","decl":{"start":{"line":109,"column":43},"end":{"line":109,"column":44}},"loc":{"start":{"line":109,"column":58},"end":{"line":120,"column":9}},"line":109},"21":{"name":"updateBoard","decl":{"start":{"line":123,"column":13},"end":{"line":123,"column":24}},"loc":{"start":{"line":123,"column":75},"end":{"line":139,"column":5}},"line":123},"22":{"name":"(anonymous_22)","decl":{"start":{"line":125,"column":25},"end":{"line":125,"column":26}},"loc":{"start":{"line":125,"column":36},"end":{"line":135,"column":10}},"line":125},"23":{"name":"(anonymous_23)","decl":{"start":{"line":125,"column":43},"end":{"line":125,"column":44}},"loc":{"start":{"line":125,"column":58},"end":{"line":135,"column":9}},"line":125},"24":{"name":"addInstructionFromOldFunction","decl":{"start":{"line":140,"column":13},"end":{"line":140,"column":42}},"loc":{"start":{"line":140,"column":127},"end":{"line":146,"column":5}},"line":140},"25":{"name":"evalRec","decl":{"start":{"line":147,"column":13},"end":{"line":147,"column":20}},"loc":{"start":{"line":147,"column":104},"end":{"line":201,"column":5}},"line":147}},"branchMap":{"0":{"loc":{"start":{"line":42,"column":4},"end":{"line":47,"column":5}},"type":"if","locations":[{"start":{"line":42,"column":4},"end":{"line":47,"column":5}},{"start":{"line":45,"column":9},"end":{"line":47,"column":5}}],"line":42},"1":{"loc":{"start":{"line":82,"column":8},"end":{"line":84,"column":9}},"type":"if","locations":[{"start":{"line":82,"column":8},"end":{"line":84,"column":9}},{"start":{},"end":{}}],"line":82},"2":{"loc":{"start":{"line":88,"column":8},"end":{"line":99,"column":9}},"type":"switch","locations":[{"start":{"line":89,"column":12},"end":{"line":90,"column":75}},{"start":{"line":91,"column":12},"end":{"line":92,"column":75}},{"start":{"line":93,"column":12},"end":{"line":94,"column":75}},{"start":{"line":95,"column":12},"end":{"line":96,"column":75}},{"start":{"line":97,"column":12},"end":{"line":98,"column":57}}],"line":88},"3":{"loc":{"start":{"line":102,"column":8},"end":{"line":106,"column":9}},"type":"if","locations":[{"start":{"line":102,"column":8},"end":{"line":106,"column":9}},{"start":{"line":104,"column":15},"end":{"line":106,"column":9}}],"line":102},"4":{"loc":{"start":{"line":110,"column":12},"end":{"line":119,"column":13}},"type":"if","locations":[{"start":{"line":110,"column":12},"end":{"line":119,"column":13}},{"start":{"line":117,"column":19},"end":{"line":119,"column":13}}],"line":110},"5":{"loc":{"start":{"line":110,"column":16},"end":{"line":110,"column":50}},"type":"binary-expr","locations":[{"start":{"line":110,"column":16},"end":{"line":110,"column":31}},{"start":{"line":110,"column":35},"end":{"line":110,"column":50}}],"line":110},"6":{"loc":{"start":{"line":111,"column":16},"end":{"line":116,"column":17}},"type":"if","locations":[{"start":{"line":111,"column":16},"end":{"line":116,"column":17}},{"start":{"line":114,"column":21},"end":{"line":116,"column":17}}],"line":111},"7":{"loc":{"start":{"line":124,"column":4},"end":{"line":138,"column":5}},"type":"if","locations":[{"start":{"line":124,"column":4},"end":{"line":138,"column":5}},{"start":{"line":136,"column":11},"end":{"line":138,"column":5}}],"line":124},"8":{"loc":{"start":{"line":126,"column":12},"end":{"line":134,"column":13}},"type":"if","locations":[{"start":{"line":126,"column":12},"end":{"line":134,"column":13}},{"start":{"line":132,"column":19},"end":{"line":134,"column":13}}],"line":126},"9":{"loc":{"start":{"line":126,"column":16},"end":{"line":126,"column":50}},"type":"binary-expr","locations":[{"start":{"line":126,"column":16},"end":{"line":126,"column":31}},{"start":{"line":126,"column":35},"end":{"line":126,"column":50}}],"line":126},"10":{"loc":{"start":{"line":127,"column":16},"end":{"line":131,"column":17}},"type":"if","locations":[{"start":{"line":127,"column":16},"end":{"line":131,"column":17}},{"start":{"line":129,"column":23},"end":{"line":131,"column":17}}],"line":127},"11":{"loc":{"start":{"line":141,"column":8},"end":{"line":145,"column":9}},"type":"if","locations":[{"start":{"line":141,"column":8},"end":{"line":145,"column":9}},{"start":{"line":143,"column":15},"end":{"line":145,"column":9}}],"line":141},"12":{"loc":{"start":{"line":148,"column":8},"end":{"line":150,"column":9}},"type":"if","locations":[{"start":{"line":148,"column":8},"end":{"line":150,"column":9}},{"start":{},"end":{}}],"line":148},"13":{"loc":{"start":{"line":148,"column":12},"end":{"line":148,"column":80}},"type":"binary-expr","locations":[{"start":{"line":148,"column":12},"end":{"line":148,"column":25}},{"start":{"line":148,"column":29},"end":{"line":148,"column":42}},{"start":{"line":148,"column":46},"end":{"line":148,"column":61}},{"start":{"line":148,"column":65},"end":{"line":148,"column":80}}],"line":148},"14":{"loc":{"start":{"line":151,"column":8},"end":{"line":153,"column":9}},"type":"if","locations":[{"start":{"line":151,"column":8},"end":{"line":153,"column":9}},{"start":{},"end":{}}],"line":151},"15":{"loc":{"start":{"line":154,"column":8},"end":{"line":156,"column":9}},"type":"if","locations":[{"start":{"line":154,"column":8},"end":{"line":156,"column":9}},{"start":{},"end":{}}],"line":154},"16":{"loc":{"start":{"line":157,"column":8},"end":{"line":159,"column":9}},"type":"if","locations":[{"start":{"line":157,"column":8},"end":{"line":159,"column":9}},{"start":{},"end":{}}],"line":157},"17":{"loc":{"start":{"line":160,"column":8},"end":{"line":162,"column":9}},"type":"if","locations":[{"start":{"line":160,"column":8},"end":{"line":162,"column":9}},{"start":{},"end":{}}],"line":160},"18":{"loc":{"start":{"line":163,"column":8},"end":{"line":169,"column":9}},"type":"if","locations":[{"start":{"line":163,"column":8},"end":{"line":169,"column":9}},{"start":{"line":167,"column":13},"end":{"line":169,"column":9}}],"line":163},"19":{"loc":{"start":{"line":167,"column":13},"end":{"line":169,"column":9}},"type":"if","locations":[{"start":{"line":167,"column":13},"end":{"line":169,"column":9}},{"start":{},"end":{}}],"line":167},"20":{"loc":{"start":{"line":167,"column":17},"end":{"line":167,"column":97}},"type":"binary-expr","locations":[{"start":{"line":167,"column":17},"end":{"line":167,"column":72}},{"start":{"line":167,"column":76},"end":{"line":167,"column":97}}],"line":167},"21":{"loc":{"start":{"line":172,"column":8},"end":{"line":200,"column":9}},"type":"if","locations":[{"start":{"line":172,"column":8},"end":{"line":200,"column":9}},{"start":{"line":175,"column":13},"end":{"line":200,"column":9}}],"line":172},"22":{"loc":{"start":{"line":175,"column":13},"end":{"line":200,"column":9}},"type":"if","locations":[{"start":{"line":175,"column":13},"end":{"line":200,"column":9}},{"start":{"line":184,"column":13},"end":{"line":200,"column":9}}],"line":175},"23":{"loc":{"start":{"line":184,"column":13},"end":{"line":200,"column":9}},"type":"if","locations":[{"start":{"line":184,"column":13},"end":{"line":200,"column":9}},{"start":{"line":198,"column":13},"end":{"line":200,"column":9}}],"line":184},"24":{"loc":{"start":{"line":184,"column":17},"end":{"line":184,"column":142}},"type":"binary-expr","locations":[{"start":{"line":184,"column":17},"end":{"line":184,"column":56}},{"start":{"line":184,"column":60},"end":{"line":184,"column":89}},{"start":{"line":184,"column":93},"end":{"line":184,"column":142}}],"line":184},"25":{"loc":{"start":{"line":186,"column":12},"end":{"line":196,"column":13}},"type":"if","locations":[{"start":{"line":186,"column":12},"end":{"line":196,"column":13}},{"start":{"line":189,"column":17},"end":{"line":196,"column":13}}],"line":186},"26":{"loc":{"start":{"line":186,"column":16},"end":{"line":186,"column":124}},"type":"binary-expr","locations":[{"start":{"line":186,"column":17},"end":{"line":186,"column":86}},{"start":{"line":186,"column":92},"end":{"line":186,"column":123}}],"line":186},"27":{"loc":{"start":{"line":190,"column":16},"end":{"line":195,"column":17}},"type":"if","locations":[{"start":{"line":190,"column":16},"end":{"line":195,"column":17}},{"start":{"line":193,"column":21},"end":{"line":195,"column":17}}],"line":190},"28":{"loc":{"start":{"line":190,"column":20},"end":{"line":190,"column":132}},"type":"binary-expr","locations":[{"start":{"line":190,"column":20},"end":{"line":190,"column":48}},{"start":{"line":190,"column":52},"end":{"line":190,"column":132}}],"line":190}},"s":{"0":1,"1":1,"2":1,"3":2,"4":24,"5":24,"6":384,"7":2,"8":100,"9":100,"10":18,"11":82,"12":2,"13":10,"14":50,"15":2,"16":10,"17":50,"18":1,"19":6,"20":4,"21":4,"22":0,"23":4,"24":0,"25":0,"26":0,"27":0,"28":0,"29":0,"30":0,"31":0,"32":0,"33":1,"34":12,"35":192,"36":1,"37":0,"38":1,"39":191,"40":5,"41":5,"42":60,"43":960,"44":5,"45":0,"46":5,"47":955,"48":0,"49":0,"50":0,"51":0,"52":6,"53":0,"54":6,"55":0,"56":6,"57":1,"58":5,"59":0,"60":5,"61":0,"62":5,"63":0,"64":0,"65":5,"66":0,"67":5,"68":5,"69":5,"70":1,"71":4,"72":3,"73":3,"74":3,"75":3,"76":0,"77":1,"78":1,"79":1,"80":0,"81":1,"82":0,"83":1,"84":0,"85":1},"f":{"0":2,"1":24,"2":24,"3":384,"4":2,"5":100,"6":100,"7":2,"8":10,"9":50,"10":2,"11":10,"12":50,"13":1,"14":6,"15":4,"16":0,"17":0,"18":1,"19":12,"20":192,"21":5,"22":60,"23":960,"24":0,"25":6},"b":{"0":[18,82],"1":[0,4],"2":[0,0,0,0,0],"3":[0,0],"4":[1,191],"5":[192,16],"6":[0,1],"7":[5,0],"8":[5,955],"9":[960,80],"10":[0,5],"11":[0,0],"12":[0,6],"13":[6,6,6,6],"14":[0,6],"15":[1,5],"16":[0,5],"17":[0,5],"18":[0,5],"19":[0,5],"20":[5,0],"21":[1,4],"22":[3,1],"23":[1,0],"24":[1,1,1],"25":[0,1],"26":[1,1],"27":[0,1],"28":[1,1]},"_coverageSchema":"1a1c01bbd47fc00a2c39e90264f33305004495a9","hash":"93514394a650e09f0eeec348982190fe2f24c9cd"}
,"/home/mael/github/JavaScript_Project_S6/src/language.js": {"path":"/home/mael/github/JavaScript_Project_S6/src/language.js","statementMap":{"0":{"start":{"line":10,"column":4},"end":{"line":23,"column":5}},"1":{"start":{"line":11,"column":8},"end":{"line":11,"column":46}},"2":{"start":{"line":14,"column":8},"end":{"line":22,"column":9}},"3":{"start":{"line":15,"column":12},"end":{"line":19,"column":13}},"4":{"start":{"line":16,"column":16},"end":{"line":16,"column":55}},"5":{"start":{"line":18,"column":12},"end":{"line":18,"column":95}},"6":{"start":{"line":21,"column":12},"end":{"line":21,"column":77}},"7":{"start":{"line":35,"column":4},"end":{"line":46,"column":5}},"8":{"start":{"line":37,"column":12},"end":{"line":37,"column":118}},"9":{"start":{"line":39,"column":12},"end":{"line":39,"column":118}},"10":{"start":{"line":41,"column":12},"end":{"line":41,"column":118}},"11":{"start":{"line":43,"column":12},"end":{"line":43,"column":118}},"12":{"start":{"line":45,"column":12},"end":{"line":45,"column":49}},"13":{"start":{"line":58,"column":4},"end":{"line":58,"column":44}},"14":{"start":{"line":69,"column":4},"end":{"line":73,"column":5}},"15":{"start":{"line":70,"column":8},"end":{"line":70,"column":82}},"16":{"start":{"line":72,"column":8},"end":{"line":72,"column":72}},"17":{"start":{"line":84,"column":4},"end":{"line":88,"column":5}},"18":{"start":{"line":85,"column":8},"end":{"line":85,"column":82}},"19":{"start":{"line":87,"column":8},"end":{"line":87,"column":72}},"20":{"start":{"line":99,"column":4},"end":{"line":99,"column":54}}},"fnMap":{"0":{"name":"teleport_from_start_to_end","decl":{"start":{"line":9,"column":9},"end":{"line":9,"column":35}},"loc":{"start":{"line":9,"column":73},"end":{"line":24,"column":1}},"line":9},"1":{"name":"teleport","decl":{"start":{"line":34,"column":9},"end":{"line":34,"column":17}},"loc":{"start":{"line":34,"column":49},"end":{"line":47,"column":1}},"line":34},"2":{"name":"move","decl":{"start":{"line":57,"column":10},"end":{"line":57,"column":14}},"loc":{"start":{"line":57,"column":36},"end":{"line":59,"column":2}},"line":57},"3":{"name":"rotateLeft","decl":{"start":{"line":68,"column":9},"end":{"line":68,"column":19}},"loc":{"start":{"line":68,"column":41},"end":{"line":74,"column":1}},"line":68},"4":{"name":"rotateRight","decl":{"start":{"line":83,"column":9},"end":{"line":83,"column":20}},"loc":{"start":{"line":83,"column":42},"end":{"line":89,"column":1}},"line":83},"5":{"name":"cons","decl":{"start":{"line":98,"column":9},"end":{"line":98,"column":13}},"loc":{"start":{"line":98,"column":23},"end":{"line":100,"column":1}},"line":98}},"branchMap":{"0":{"loc":{"start":{"line":10,"column":4},"end":{"line":23,"column":5}},"type":"if","locations":[{"start":{"line":10,"column":4},"end":{"line":23,"column":5}},{"start":{"line":13,"column":9},"end":{"line":23,"column":5}}],"line":10},"1":{"loc":{"start":{"line":10,"column":8},"end":{"line":10,"column":111}},"type":"binary-expr","locations":[{"start":{"line":10,"column":8},"end":{"line":10,"column":30}},{"start":{"line":10,"column":34},"end":{"line":10,"column":57}},{"start":{"line":10,"column":61},"end":{"line":10,"column":83}},{"start":{"line":10,"column":87},"end":{"line":10,"column":111}}],"line":10},"2":{"loc":{"start":{"line":14,"column":8},"end":{"line":22,"column":9}},"type":"if","locations":[{"start":{"line":14,"column":8},"end":{"line":22,"column":9}},{"start":{"line":20,"column":15},"end":{"line":22,"column":9}}],"line":14},"3":{"loc":{"start":{"line":14,"column":12},"end":{"line":14,"column":75}},"type":"binary-expr","locations":[{"start":{"line":14,"column":13},"end":{"line":14,"column":56}},{"start":{"line":14,"column":62},"end":{"line":14,"column":74}}],"line":14},"4":{"loc":{"start":{"line":15,"column":12},"end":{"line":19,"column":13}},"type":"if","locations":[{"start":{"line":15,"column":12},"end":{"line":19,"column":13}},{"start":{"line":17,"column":19},"end":{"line":19,"column":13}}],"line":15},"5":{"loc":{"start":{"line":35,"column":4},"end":{"line":46,"column":5}},"type":"switch","locations":[{"start":{"line":36,"column":8},"end":{"line":37,"column":118}},{"start":{"line":38,"column":8},"end":{"line":39,"column":118}},{"start":{"line":40,"column":8},"end":{"line":41,"column":118}},{"start":{"line":42,"column":8},"end":{"line":43,"column":118}},{"start":{"line":44,"column":8},"end":{"line":45,"column":49}}],"line":35},"6":{"loc":{"start":{"line":69,"column":4},"end":{"line":73,"column":5}},"type":"if","locations":[{"start":{"line":69,"column":4},"end":{"line":73,"column":5}},{"start":{"line":71,"column":11},"end":{"line":73,"column":5}}],"line":69},"7":{"loc":{"start":{"line":69,"column":8},"end":{"line":69,"column":71}},"type":"binary-expr","locations":[{"start":{"line":69,"column":9},"end":{"line":69,"column":52}},{"start":{"line":69,"column":58},"end":{"line":69,"column":70}}],"line":69},"8":{"loc":{"start":{"line":84,"column":4},"end":{"line":88,"column":5}},"type":"if","locations":[{"start":{"line":84,"column":4},"end":{"line":88,"column":5}},{"start":{"line":86,"column":11},"end":{"line":88,"column":5}}],"line":84},"9":{"loc":{"start":{"line":84,"column":8},"end":{"line":84,"column":71}},"type":"binary-expr","locations":[{"start":{"line":84,"column":9},"end":{"line":84,"column":52}},{"start":{"line":84,"column":58},"end":{"line":84,"column":70}}],"line":84}},"s":{"0":102,"1":1,"2":101,"3":85,"4":4,"5":81,"6":16,"7":104,"8":36,"9":35,"10":6,"11":25,"12":2,"13":95,"14":38,"15":30,"16":8,"17":1039,"18":1017,"19":22,"20":1074},"f":{"0":102,"1":104,"2":95,"3":38,"4":1039,"5":1074},"b":{"0":[1,101],"1":[102,101,101,101],"2":[85,16],"3":[101,65],"4":[4,81],"5":[36,35,6,25,2],"6":[30,8],"7":[38,17],"8":[1017,22],"9":[1039,33]},"_coverageSchema":"1a1c01bbd47fc00a2c39e90264f33305004495a9","hash":"7ef1ac0474fa115ae625bc73ecb5f9f071f4b64f"}
,"/home/mael/github/JavaScript_Project_S6/src/languageSolution.js": {"path":"/home/mael/github/JavaScript_Project_S6/src/languageSolution.js","statementMap":{"0":{"start":{"line":10,"column":4},"end":{"line":23,"column":5}},"1":{"start":{"line":11,"column":8},"end":{"line":11,"column":66}},"2":{"start":{"line":14,"column":8},"end":{"line":22,"column":9}},"3":{"start":{"line":15,"column":12},"end":{"line":19,"column":13}},"4":{"start":{"line":16,"column":16},"end":{"line":16,"column":74}},"5":{"start":{"line":18,"column":12},"end":{"line":18,"column":95}},"6":{"start":{"line":21,"column":12},"end":{"line":21,"column":77}},"7":{"start":{"line":35,"column":4},"end":{"line":46,"column":5}},"8":{"start":{"line":37,"column":12},"end":{"line":37,"column":118}},"9":{"start":{"line":39,"column":12},"end":{"line":39,"column":118}},"10":{"start":{"line":41,"column":12},"end":{"line":41,"column":118}},"11":{"start":{"line":43,"column":12},"end":{"line":43,"column":118}},"12":{"start":{"line":45,"column":12},"end":{"line":45,"column":66}},"13":{"start":{"line":58,"column":4},"end":{"line":58,"column":44}},"14":{"start":{"line":69,"column":4},"end":{"line":73,"column":5}},"15":{"start":{"line":70,"column":8},"end":{"line":70,"column":82}},"16":{"start":{"line":72,"column":8},"end":{"line":72,"column":72}},"17":{"start":{"line":84,"column":4},"end":{"line":88,"column":5}},"18":{"start":{"line":85,"column":8},"end":{"line":85,"column":82}},"19":{"start":{"line":87,"column":8},"end":{"line":87,"column":72}},"20":{"start":{"line":99,"column":4},"end":{"line":99,"column":54}}},"fnMap":{"0":{"name":"teleport_from_start_to_end","decl":{"start":{"line":9,"column":9},"end":{"line":9,"column":35}},"loc":{"start":{"line":9,"column":73},"end":{"line":24,"column":1}},"line":9},"1":{"name":"teleport","decl":{"start":{"line":34,"column":9},"end":{"line":34,"column":17}},"loc":{"start":{"line":34,"column":49},"end":{"line":47,"column":1}},"line":34},"2":{"name":"move","decl":{"start":{"line":57,"column":10},"end":{"line":57,"column":14}},"loc":{"start":{"line":57,"column":36},"end":{"line":59,"column":2}},"line":57},"3":{"name":"rotateLeft","decl":{"start":{"line":68,"column":9},"end":{"line":68,"column":19}},"loc":{"start":{"line":68,"column":41},"end":{"line":74,"column":1}},"line":68},"4":{"name":"rotateRight","decl":{"start":{"line":83,"column":9},"end":{"line":83,"column":20}},"loc":{"start":{"line":83,"column":42},"end":{"line":89,"column":1}},"line":83},"5":{"name":"cons","decl":{"start":{"line":98,"column":9},"end":{"line":98,"column":13}},"loc":{"start":{"line":98,"column":23},"end":{"line":100,"column":1}},"line":98}},"branchMap":{"0":{"loc":{"start":{"line":10,"column":4},"end":{"line":23,"column":5}},"type":"if","locations":[{"start":{"line":10,"column":4},"end":{"line":23,"column":5}},{"start":{"line":13,"column":9},"end":{"line":23,"column":5}}],"line":10},"1":{"loc":{"start":{"line":10,"column":8},"end":{"line":10,"column":111}},"type":"binary-expr","locations":[{"start":{"line":10,"column":8},"end":{"line":10,"column":30}},{"start":{"line":10,"column":34},"end":{"line":10,"column":57}},{"start":{"line":10,"column":61},"end":{"line":10,"column":83}},{"start":{"line":10,"column":87},"end":{"line":10,"column":111}}],"line":10},"2":{"loc":{"start":{"line":14,"column":8},"end":{"line":22,"column":9}},"type":"if","locations":[{"start":{"line":14,"column":8},"end":{"line":22,"column":9}},{"start":{"line":20,"column":15},"end":{"line":22,"column":9}}],"line":14},"3":{"loc":{"start":{"line":14,"column":12},"end":{"line":14,"column":75}},"type":"binary-expr","locations":[{"start":{"line":14,"column":13},"end":{"line":14,"column":56}},{"start":{"line":14,"column":62},"end":{"line":14,"column":74}}],"line":14},"4":{"loc":{"start":{"line":15,"column":12},"end":{"line":19,"column":13}},"type":"if","locations":[{"start":{"line":15,"column":12},"end":{"line":19,"column":13}},{"start":{"line":17,"column":19},"end":{"line":19,"column":13}}],"line":15},"5":{"loc":{"start":{"line":35,"column":4},"end":{"line":46,"column":5}},"type":"switch","locations":[{"start":{"line":36,"column":8},"end":{"line":37,"column":118}},{"start":{"line":38,"column":8},"end":{"line":39,"column":118}},{"start":{"line":40,"column":8},"end":{"line":41,"column":118}},{"start":{"line":42,"column":8},"end":{"line":43,"column":118}},{"start":{"line":44,"column":8},"end":{"line":45,"column":66}}],"line":35},"6":{"loc":{"start":{"line":69,"column":4},"end":{"line":73,"column":5}},"type":"if","locations":[{"start":{"line":69,"column":4},"end":{"line":73,"column":5}},{"start":{"line":71,"column":11},"end":{"line":73,"column":5}}],"line":69},"7":{"loc":{"start":{"line":69,"column":8},"end":{"line":69,"column":71}},"type":"binary-expr","locations":[{"start":{"line":69,"column":9},"end":{"line":69,"column":52}},{"start":{"line":69,"column":58},"end":{"line":69,"column":70}}],"line":69},"8":{"loc":{"start":{"line":84,"column":4},"end":{"line":88,"column":5}},"type":"if","locations":[{"start":{"line":84,"column":4},"end":{"line":88,"column":5}},{"start":{"line":86,"column":11},"end":{"line":88,"column":5}}],"line":84},"9":{"loc":{"start":{"line":84,"column":8},"end":{"line":84,"column":71}},"type":"binary-expr","locations":[{"start":{"line":84,"column":9},"end":{"line":84,"column":52}},{"start":{"line":84,"column":58},"end":{"line":84,"column":70}}],"line":84}},"s":{"0":3740944,"1":49834,"2":3691110,"3":1325272,"4":55785,"5":1269487,"6":2365838,"7":3747508,"8":395981,"9":3135140,"10":132415,"11":77408,"12":6564,"13":3747508,"14":4415896,"15":2124156,"16":2291740,"17":4506582,"18":2144366,"19":2362216,"20":0},"f":{"0":3740944,"1":3747508,"2":3747508,"3":4415896,"4":4506582,"5":0},"b":{"0":[49834,3691110],"1":[3740944,3740944,3691110,3691110],"2":[1325272,2365838],"3":[3691110,3071121],"4":[55785,1269487],"5":[395981,3135140,132415,77408,6564],"6":[2124156,2291740],"7":[4415896,3345435],"8":[2144366,2362216],"9":[4506582,3416983]},"_coverageSchema":"1a1c01bbd47fc00a2c39e90264f33305004495a9","hash":"6ea642a749a0f70ce4f2f8e0fda0b4842bc19d06"}
,"/home/mael/github/JavaScript_Project_S6/src/list.js": {"path":"/home/mael/github/JavaScript_Project_S6/src/list.js","statementMap":{"0":{"start":{"line":2,"column":28},"end":{"line":2,"column":60}},"1":{"start":{"line":3,"column":12},"end":{"line":3,"column":14}},"2":{"start":{"line":4,"column":28},"end":{"line":4,"column":47}},"3":{"start":{"line":5,"column":28},"end":{"line":5,"column":47}},"4":{"start":{"line":13,"column":22},"end":{"line":13,"column":36}},"5":{"start":{"line":20,"column":22},"end":{"line":20,"column":36}},"6":{"start":{"line":27,"column":22},"end":{"line":27,"column":39}},"7":{"start":{"line":36,"column":8},"end":{"line":41,"column":56}},"8":{"start":{"line":37,"column":12},"end":{"line":37,"column":22}},"9":{"start":{"line":38,"column":13},"end":{"line":41,"column":56}},"10":{"start":{"line":39,"column":12},"end":{"line":39,"column":32}},"11":{"start":{"line":41,"column":12},"end":{"line":41,"column":56}},"12":{"start":{"line":43,"column":4},"end":{"line":43,"column":33}}},"fnMap":{"0":{"name":"cons","decl":{"start":{"line":2,"column":9},"end":{"line":2,"column":13}},"loc":{"start":{"line":2,"column":26},"end":{"line":2,"column":62}},"line":2},"1":{"name":"car","decl":{"start":{"line":4,"column":9},"end":{"line":4,"column":12}},"loc":{"start":{"line":4,"column":26},"end":{"line":4,"column":49}},"line":4},"2":{"name":"cdr","decl":{"start":{"line":5,"column":9},"end":{"line":5,"column":12}},"loc":{"start":{"line":5,"column":26},"end":{"line":5,"column":49}},"line":5},"3":{"name":"head","decl":{"start":{"line":13,"column":9},"end":{"line":13,"column":13}},"loc":{"start":{"line":13,"column":20},"end":{"line":13,"column":38}},"line":13},"4":{"name":"tail","decl":{"start":{"line":20,"column":9},"end":{"line":20,"column":13}},"loc":{"start":{"line":20,"column":20},"end":{"line":20,"column":38}},"line":20},"5":{"name":"isEmpty","decl":{"start":{"line":27,"column":9},"end":{"line":27,"column":16}},"loc":{"start":{"line":27,"column":20},"end":{"line":27,"column":41}},"line":27},"6":{"name":"listDisp","decl":{"start":{"line":34,"column":9},"end":{"line":34,"column":17}},"loc":{"start":{"line":34,"column":21},"end":{"line":44,"column":1}},"line":34},"7":{"name":"listDispRec","decl":{"start":{"line":35,"column":13},"end":{"line":35,"column":24}},"loc":{"start":{"line":35,"column":28},"end":{"line":42,"column":5}},"line":35}},"branchMap":{"0":{"loc":{"start":{"line":36,"column":8},"end":{"line":41,"column":56}},"type":"if","locations":[{"start":{"line":36,"column":8},"end":{"line":41,"column":56}},{"start":{"line":38,"column":13},"end":{"line":41,"column":56}}],"line":36},"1":{"loc":{"start":{"line":38,"column":13},"end":{"line":41,"column":56}},"type":"if","locations":[{"start":{"line":38,"column":13},"end":{"line":41,"column":56}},{"start":{"line":41,"column":12},"end":{"line":41,"column":56}}],"line":38}},"s":{"0":128495544,"1":4,"2":88336675,"3":124015507,"4":88336675,"5":124015507,"6":278539220,"7":10,"8":1,"9":9,"10":4,"11":5,"12":5},"f":{"0":128495544,"1":88336675,"2":124015507,"3":88336675,"4":124015507,"5":278539220,"6":5,"7":10},"b":{"0":[1,9],"1":[4,5]},"_coverageSchema":"1a1c01bbd47fc00a2c39e90264f33305004495a9","hash":"6cf336a37e58da3af08b6bb4449984a5d198d51b"}
,"/home/mael/github/JavaScript_Project_S6/src/solution.js": {"path":"/home/mael/github/JavaScript_Project_S6/src/solution.js","statementMap":{"0":{"start":{"line":4,"column":23},"end":{"line":4,"column":27}},"1":{"start":{"line":5,"column":20},"end":{"line":5,"column":22}},"2":{"start":{"line":6,"column":29},"end":{"line":6,"column":30}},"3":{"start":{"line":15,"column":20},"end":{"line":15,"column":21}},"4":{"start":{"line":16,"column":32},"end":{"line":16,"column":45}},"5":{"start":{"line":18,"column":8},"end":{"line":18,"column":80}},"6":{"start":{"line":21,"column":40},"end":{"line":21,"column":78}},"7":{"start":{"line":22,"column":8},"end":{"line":24,"column":9}},"8":{"start":{"line":23,"column":12},"end":{"line":23,"column":65}},"9":{"start":{"line":25,"column":8},"end":{"line":25,"column":39}},"10":{"start":{"line":28,"column":8},"end":{"line":39,"column":9}},"11":{"start":{"line":30,"column":16},"end":{"line":30,"column":75}},"12":{"start":{"line":32,"column":16},"end":{"line":32,"column":75}},"13":{"start":{"line":34,"column":16},"end":{"line":34,"column":75}},"14":{"start":{"line":36,"column":16},"end":{"line":36,"column":75}},"15":{"start":{"line":38,"column":16},"end":{"line":38,"column":57}},"16":{"start":{"line":42,"column":8},"end":{"line":46,"column":9}},"17":{"start":{"line":43,"column":12},"end":{"line":43,"column":81}},"18":{"start":{"line":45,"column":12},"end":{"line":45,"column":150}},"19":{"start":{"line":49,"column":8},"end":{"line":53,"column":9}},"20":{"start":{"line":50,"column":12},"end":{"line":50,"column":99}},"21":{"start":{"line":52,"column":12},"end":{"line":52,"column":184}},"22":{"start":{"line":56,"column":8},"end":{"line":58,"column":9}},"23":{"start":{"line":57,"column":12},"end":{"line":57,"column":24}},"24":{"start":{"line":59,"column":8},"end":{"line":61,"column":9}},"25":{"start":{"line":60,"column":12},"end":{"line":60,"column":27}},"26":{"start":{"line":62,"column":8},"end":{"line":64,"column":9}},"27":{"start":{"line":63,"column":12},"end":{"line":63,"column":22}},"28":{"start":{"line":65,"column":8},"end":{"line":67,"column":9}},"29":{"start":{"line":66,"column":12},"end":{"line":66,"column":22}},"30":{"start":{"line":68,"column":8},"end":{"line":74,"column":9}},"31":{"start":{"line":69,"column":30},"end":{"line":69,"column":89}},"32":{"start":{"line":70,"column":12},"end":{"line":70,"column":137}},"33":{"start":{"line":72,"column":13},"end":{"line":74,"column":9}},"34":{"start":{"line":73,"column":12},"end":{"line":73,"column":22}},"35":{"start":{"line":75,"column":32},"end":{"line":75,"column":58}},"36":{"start":{"line":76,"column":35},"end":{"line":76,"column":99}},"37":{"start":{"line":77,"column":8},"end":{"line":104,"column":9}},"38":{"start":{"line":78,"column":12},"end":{"line":78,"column":186}},"39":{"start":{"line":80,"column":13},"end":{"line":104,"column":9}},"40":{"start":{"line":81,"column":30},"end":{"line":81,"column":69}},"41":{"start":{"line":82,"column":12},"end":{"line":84,"column":13}},"42":{"start":{"line":83,"column":16},"end":{"line":83,"column":26}},"43":{"start":{"line":85,"column":29},"end":{"line":85,"column":73}},"44":{"start":{"line":86,"column":12},"end":{"line":86,"column":451}},"45":{"start":{"line":88,"column":13},"end":{"line":104,"column":9}},"46":{"start":{"line":89,"column":29},"end":{"line":89,"column":73}},"47":{"start":{"line":90,"column":12},"end":{"line":100,"column":13}},"48":{"start":{"line":91,"column":16},"end":{"line":91,"column":378}},"49":{"start":{"line":94,"column":16},"end":{"line":99,"column":17}},"50":{"start":{"line":95,"column":20},"end":{"line":95,"column":30}},"51":{"start":{"line":98,"column":20},"end":{"line":98,"column":351}},"52":{"start":{"line":103,"column":12},"end":{"line":103,"column":22}},"53":{"start":{"line":106,"column":4},"end":{"line":106,"column":202}},"54":{"start":{"line":117,"column":21},"end":{"line":117,"column":95}},"55":{"start":{"line":118,"column":4},"end":{"line":120,"column":5}},"56":{"start":{"line":119,"column":8},"end":{"line":119,"column":71}},"57":{"start":{"line":121,"column":4},"end":{"line":121,"column":37}},"58":{"start":{"line":122,"column":4},"end":{"line":122,"column":44}},"59":{"start":{"line":132,"column":4},"end":{"line":132,"column":42}},"60":{"start":{"line":141,"column":12},"end":{"line":141,"column":33}},"61":{"start":{"line":142,"column":4},"end":{"line":144,"column":5}},"62":{"start":{"line":143,"column":8},"end":{"line":143,"column":34}},"63":{"start":{"line":145,"column":4},"end":{"line":147,"column":5}},"64":{"start":{"line":146,"column":8},"end":{"line":146,"column":34}},"65":{"start":{"line":148,"column":4},"end":{"line":148,"column":13}},"66":{"start":{"line":158,"column":8},"end":{"line":158,"column":48}},"67":{"start":{"line":160,"column":17},"end":{"line":160,"column":42}},"68":{"start":{"line":161,"column":4},"end":{"line":163,"column":5}},"69":{"start":{"line":162,"column":8},"end":{"line":162,"column":36}},"70":{"start":{"line":164,"column":4},"end":{"line":169,"column":5}},"71":{"start":{"line":165,"column":8},"end":{"line":165,"column":87}},"72":{"start":{"line":165,"column":33},"end":{"line":165,"column":62}},"73":{"start":{"line":165,"column":75},"end":{"line":165,"column":84}},"74":{"start":{"line":168,"column":8},"end":{"line":168,"column":134}},"75":{"start":{"line":168,"column":33},"end":{"line":168,"column":109}},"76":{"start":{"line":168,"column":122},"end":{"line":168,"column":131}},"77":{"start":{"line":178,"column":4},"end":{"line":189,"column":5}},"78":{"start":{"line":179,"column":8},"end":{"line":179,"column":40}},"79":{"start":{"line":181,"column":9},"end":{"line":189,"column":5}},"80":{"start":{"line":182,"column":8},"end":{"line":182,"column":18}},"81":{"start":{"line":184,"column":9},"end":{"line":189,"column":5}},"82":{"start":{"line":185,"column":8},"end":{"line":185,"column":18}},"83":{"start":{"line":188,"column":8},"end":{"line":188,"column":18}},"84":{"start":{"line":199,"column":14},"end":{"line":199,"column":44}},"85":{"start":{"line":200,"column":4},"end":{"line":203,"column":5}},"86":{"start":{"line":201,"column":21},"end":{"line":201,"column":48}},"87":{"start":{"line":202,"column":8},"end":{"line":202,"column":78}},"88":{"start":{"line":202,"column":35},"end":{"line":202,"column":75}},"89":{"start":{"line":204,"column":4},"end":{"line":204,"column":63}},"90":{"start":{"line":204,"column":43},"end":{"line":204,"column":60}},"91":{"start":{"line":216,"column":8},"end":{"line":223,"column":9}},"92":{"start":{"line":217,"column":24},"end":{"line":217,"column":166}},"93":{"start":{"line":217,"column":68},"end":{"line":217,"column":164}},"94":{"start":{"line":218,"column":25},"end":{"line":218,"column":62}},"95":{"start":{"line":218,"column":42},"end":{"line":218,"column":60}},"96":{"start":{"line":219,"column":12},"end":{"line":221,"column":13}},"97":{"start":{"line":220,"column":16},"end":{"line":220,"column":88}},"98":{"start":{"line":222,"column":12},"end":{"line":222,"column":24}},"99":{"start":{"line":224,"column":8},"end":{"line":224,"column":35}},"100":{"start":{"line":226,"column":4},"end":{"line":226,"column":60}},"101":{"start":{"line":226,"column":48},"end":{"line":226,"column":57}},"102":{"start":{"line":237,"column":4},"end":{"line":237,"column":86}},"103":{"start":{"line":237,"column":25},"end":{"line":237,"column":83}}},"fnMap":{"0":{"name":"evaluatorSolution","decl":{"start":{"line":14,"column":9},"end":{"line":14,"column":26}},"loc":{"start":{"line":14,"column":44},"end":{"line":107,"column":1}},"line":14},"1":{"name":"isDone","decl":{"start":{"line":17,"column":13},"end":{"line":17,"column":19}},"loc":{"start":{"line":17,"column":41},"end":{"line":19,"column":5}},"line":17},"2":{"name":"update","decl":{"start":{"line":20,"column":13},"end":{"line":20,"column":19}},"loc":{"start":{"line":20,"column":56},"end":{"line":26,"column":5}},"line":20},"3":{"name":"jumppad","decl":{"start":{"line":27,"column":13},"end":{"line":27,"column":20}},"loc":{"start":{"line":27,"column":37},"end":{"line":40,"column":5}},"line":27},"4":{"name":"addDebug","decl":{"start":{"line":41,"column":13},"end":{"line":41,"column":21}},"loc":{"start":{"line":41,"column":110},"end":{"line":47,"column":5}},"line":41},"5":{"name":"addInstructionFromOldFunction","decl":{"start":{"line":48,"column":13},"end":{"line":48,"column":42}},"loc":{"start":{"line":48,"column":127},"end":{"line":54,"column":5}},"line":48},"6":{"name":"evalRec","decl":{"start":{"line":55,"column":13},"end":{"line":55,"column":20}},"loc":{"start":{"line":55,"column":106},"end":{"line":105,"column":5}},"line":55},"7":{"name":"convert","decl":{"start":{"line":116,"column":9},"end":{"line":116,"column":16}},"loc":{"start":{"line":116,"column":28},"end":{"line":123,"column":1}},"line":116},"8":{"name":"create","decl":{"start":{"line":131,"column":9},"end":{"line":131,"column":15}},"loc":{"start":{"line":131,"column":24},"end":{"line":133,"column":1}},"line":131},"9":{"name":"max","decl":{"start":{"line":140,"column":9},"end":{"line":140,"column":12}},"loc":{"start":{"line":140,"column":33},"end":{"line":149,"column":1}},"line":140},"10":{"name":"selection","decl":{"start":{"line":156,"column":9},"end":{"line":156,"column":18}},"loc":{"start":{"line":156,"column":44},"end":{"line":170,"column":1}},"line":156},"11":{"name":"greatestCounter","decl":{"start":{"line":157,"column":13},"end":{"line":157,"column":28}},"loc":{"start":{"line":157,"column":35},"end":{"line":159,"column":5}},"line":157},"12":{"name":"(anonymous_12)","decl":{"start":{"line":165,"column":28},"end":{"line":165,"column":29}},"loc":{"start":{"line":165,"column":33},"end":{"line":165,"column":62}},"line":165},"13":{"name":"(anonymous_13)","decl":{"start":{"line":165,"column":70},"end":{"line":165,"column":71}},"loc":{"start":{"line":165,"column":75},"end":{"line":165,"column":84}},"line":165},"14":{"name":"(anonymous_14)","decl":{"start":{"line":168,"column":28},"end":{"line":168,"column":29}},"loc":{"start":{"line":168,"column":33},"end":{"line":168,"column":109}},"line":168},"15":{"name":"(anonymous_15)","decl":{"start":{"line":168,"column":117},"end":{"line":168,"column":118}},"loc":{"start":{"line":168,"column":122},"end":{"line":168,"column":131}},"line":168},"16":{"name":"caseNumber","decl":{"start":{"line":177,"column":9},"end":{"line":177,"column":19}},"loc":{"start":{"line":177,"column":40},"end":{"line":190,"column":1}},"line":177},"17":{"name":"generate","decl":{"start":{"line":198,"column":9},"end":{"line":198,"column":17}},"loc":{"start":{"line":198,"column":43},"end":{"line":205,"column":1}},"line":198},"18":{"name":"(anonymous_18)","decl":{"start":{"line":202,"column":25},"end":{"line":202,"column":26}},"loc":{"start":{"line":202,"column":35},"end":{"line":202,"column":75}},"line":202},"19":{"name":"(anonymous_19)","decl":{"start":{"line":204,"column":33},"end":{"line":204,"column":34}},"loc":{"start":{"line":204,"column":43},"end":{"line":204,"column":60}},"line":204},"20":{"name":"solution","decl":{"start":{"line":214,"column":9},"end":{"line":214,"column":17}},"loc":{"start":{"line":214,"column":63},"end":{"line":227,"column":1}},"line":214},"21":{"name":"solutionRec","decl":{"start":{"line":215,"column":13},"end":{"line":215,"column":24}},"loc":{"start":{"line":215,"column":47},"end":{"line":225,"column":5}},"line":215},"22":{"name":"(anonymous_22)","decl":{"start":{"line":217,"column":63},"end":{"line":217,"column":64}},"loc":{"start":{"line":217,"column":68},"end":{"line":217,"column":164}},"line":217},"23":{"name":"(anonymous_23)","decl":{"start":{"line":218,"column":37},"end":{"line":218,"column":38}},"loc":{"start":{"line":218,"column":42},"end":{"line":218,"column":60}},"line":218},"24":{"name":"(anonymous_24)","decl":{"start":{"line":226,"column":43},"end":{"line":226,"column":44}},"loc":{"start":{"line":226,"column":48},"end":{"line":226,"column":57}},"line":226},"25":{"name":"solutionProgram","decl":{"start":{"line":236,"column":9},"end":{"line":236,"column":24}},"loc":{"start":{"line":236,"column":67},"end":{"line":238,"column":1}},"line":236},"26":{"name":"(anonymous_26)","decl":{"start":{"line":237,"column":20},"end":{"line":237,"column":21}},"loc":{"start":{"line":237,"column":25},"end":{"line":237,"column":83}},"line":237}},"branchMap":{"0":{"loc":{"start":{"line":22,"column":8},"end":{"line":24,"column":9}},"type":"if","locations":[{"start":{"line":22,"column":8},"end":{"line":24,"column":9}},{"start":{},"end":{}}],"line":22},"1":{"loc":{"start":{"line":28,"column":8},"end":{"line":39,"column":9}},"type":"switch","locations":[{"start":{"line":29,"column":12},"end":{"line":30,"column":75}},{"start":{"line":31,"column":12},"end":{"line":32,"column":75}},{"start":{"line":33,"column":12},"end":{"line":34,"column":75}},{"start":{"line":35,"column":12},"end":{"line":36,"column":75}},{"start":{"line":37,"column":12},"end":{"line":38,"column":57}}],"line":28},"2":{"loc":{"start":{"line":42,"column":8},"end":{"line":46,"column":9}},"type":"if","locations":[{"start":{"line":42,"column":8},"end":{"line":46,"column":9}},{"start":{"line":44,"column":15},"end":{"line":46,"column":9}}],"line":42},"3":{"loc":{"start":{"line":49,"column":8},"end":{"line":53,"column":9}},"type":"if","locations":[{"start":{"line":49,"column":8},"end":{"line":53,"column":9}},{"start":{"line":51,"column":15},"end":{"line":53,"column":9}}],"line":49},"4":{"loc":{"start":{"line":56,"column":8},"end":{"line":58,"column":9}},"type":"if","locations":[{"start":{"line":56,"column":8},"end":{"line":58,"column":9}},{"start":{},"end":{}}],"line":56},"5":{"loc":{"start":{"line":59,"column":8},"end":{"line":61,"column":9}},"type":"if","locations":[{"start":{"line":59,"column":8},"end":{"line":61,"column":9}},{"start":{},"end":{}}],"line":59},"6":{"loc":{"start":{"line":62,"column":8},"end":{"line":64,"column":9}},"type":"if","locations":[{"start":{"line":62,"column":8},"end":{"line":64,"column":9}},{"start":{},"end":{}}],"line":62},"7":{"loc":{"start":{"line":65,"column":8},"end":{"line":67,"column":9}},"type":"if","locations":[{"start":{"line":65,"column":8},"end":{"line":67,"column":9}},{"start":{},"end":{}}],"line":65},"8":{"loc":{"start":{"line":68,"column":8},"end":{"line":74,"column":9}},"type":"if","locations":[{"start":{"line":68,"column":8},"end":{"line":74,"column":9}},{"start":{"line":72,"column":13},"end":{"line":74,"column":9}}],"line":68},"9":{"loc":{"start":{"line":72,"column":13},"end":{"line":74,"column":9}},"type":"if","locations":[{"start":{"line":72,"column":13},"end":{"line":74,"column":9}},{"start":{},"end":{}}],"line":72},"10":{"loc":{"start":{"line":72,"column":17},"end":{"line":72,"column":97}},"type":"binary-expr","locations":[{"start":{"line":72,"column":17},"end":{"line":72,"column":72}},{"start":{"line":72,"column":76},"end":{"line":72,"column":97}}],"line":72},"11":{"loc":{"start":{"line":77,"column":8},"end":{"line":104,"column":9}},"type":"if","locations":[{"start":{"line":77,"column":8},"end":{"line":104,"column":9}},{"start":{"line":80,"column":13},"end":{"line":104,"column":9}}],"line":77},"12":{"loc":{"start":{"line":80,"column":13},"end":{"line":104,"column":9}},"type":"if","locations":[{"start":{"line":80,"column":13},"end":{"line":104,"column":9}},{"start":{"line":88,"column":13},"end":{"line":104,"column":9}}],"line":80},"13":{"loc":{"start":{"line":82,"column":12},"end":{"line":84,"column":13}},"type":"if","locations":[{"start":{"line":82,"column":12},"end":{"line":84,"column":13}},{"start":{},"end":{}}],"line":82},"14":{"loc":{"start":{"line":86,"column":367},"end":{"line":86,"column":449}},"type":"cond-expr","locations":[{"start":{"line":86,"column":430},"end":{"line":86,"column":439}},{"start":{"line":86,"column":442},"end":{"line":86,"column":449}}],"line":86},"15":{"loc":{"start":{"line":86,"column":368},"end":{"line":86,"column":426}},"type":"binary-expr","locations":[{"start":{"line":86,"column":368},"end":{"line":86,"column":395}},{"start":{"line":86,"column":399},"end":{"line":86,"column":426}}],"line":86},"16":{"loc":{"start":{"line":88,"column":13},"end":{"line":104,"column":9}},"type":"if","locations":[{"start":{"line":88,"column":13},"end":{"line":104,"column":9}},{"start":{"line":102,"column":13},"end":{"line":104,"column":9}}],"line":88},"17":{"loc":{"start":{"line":88,"column":17},"end":{"line":88,"column":142}},"type":"binary-expr","locations":[{"start":{"line":88,"column":17},"end":{"line":88,"column":56}},{"start":{"line":88,"column":60},"end":{"line":88,"column":89}},{"start":{"line":88,"column":93},"end":{"line":88,"column":142}}],"line":88},"18":{"loc":{"start":{"line":90,"column":12},"end":{"line":100,"column":13}},"type":"if","locations":[{"start":{"line":90,"column":12},"end":{"line":100,"column":13}},{"start":{"line":93,"column":17},"end":{"line":100,"column":13}}],"line":90},"19":{"loc":{"start":{"line":90,"column":16},"end":{"line":90,"column":124}},"type":"binary-expr","locations":[{"start":{"line":90,"column":17},"end":{"line":90,"column":86}},{"start":{"line":90,"column":92},"end":{"line":90,"column":123}}],"line":90},"20":{"loc":{"start":{"line":94,"column":16},"end":{"line":99,"column":17}},"type":"if","locations":[{"start":{"line":94,"column":16},"end":{"line":99,"column":17}},{"start":{"line":97,"column":21},"end":{"line":99,"column":17}}],"line":94},"21":{"loc":{"start":{"line":94,"column":20},"end":{"line":94,"column":132}},"type":"binary-expr","locations":[{"start":{"line":94,"column":20},"end":{"line":94,"column":48}},{"start":{"line":94,"column":52},"end":{"line":94,"column":132}}],"line":94},"22":{"loc":{"start":{"line":118,"column":4},"end":{"line":120,"column":5}},"type":"if","locations":[{"start":{"line":118,"column":4},"end":{"line":120,"column":5}},{"start":{},"end":{}}],"line":118},"23":{"loc":{"start":{"line":142,"column":4},"end":{"line":144,"column":5}},"type":"if","locations":[{"start":{"line":142,"column":4},"end":{"line":144,"column":5}},{"start":{},"end":{}}],"line":142},"24":{"loc":{"start":{"line":145,"column":4},"end":{"line":147,"column":5}},"type":"if","locations":[{"start":{"line":145,"column":4},"end":{"line":147,"column":5}},{"start":{},"end":{}}],"line":145},"25":{"loc":{"start":{"line":158,"column":15},"end":{"line":158,"column":47}},"type":"cond-expr","locations":[{"start":{"line":158,"column":41},"end":{"line":158,"column":43}},{"start":{"line":158,"column":46},"end":{"line":158,"column":47}}],"line":158},"26":{"loc":{"start":{"line":161,"column":4},"end":{"line":163,"column":5}},"type":"if","locations":[{"start":{"line":161,"column":4},"end":{"line":163,"column":5}},{"start":{},"end":{}}],"line":161},"27":{"loc":{"start":{"line":164,"column":4},"end":{"line":169,"column":5}},"type":"if","locations":[{"start":{"line":164,"column":4},"end":{"line":169,"column":5}},{"start":{"line":167,"column":9},"end":{"line":169,"column":5}}],"line":164},"28":{"loc":{"start":{"line":164,"column":8},"end":{"line":164,"column":66}},"type":"binary-expr","locations":[{"start":{"line":164,"column":8},"end":{"line":164,"column":35}},{"start":{"line":164,"column":39},"end":{"line":164,"column":66}}],"line":164},"29":{"loc":{"start":{"line":168,"column":33},"end":{"line":168,"column":109}},"type":"binary-expr","locations":[{"start":{"line":168,"column":34},"end":{"line":168,"column":86}},{"start":{"line":168,"column":92},"end":{"line":168,"column":108}}],"line":168},"30":{"loc":{"start":{"line":178,"column":4},"end":{"line":189,"column":5}},"type":"if","locations":[{"start":{"line":178,"column":4},"end":{"line":189,"column":5}},{"start":{"line":181,"column":9},"end":{"line":189,"column":5}}],"line":178},"31":{"loc":{"start":{"line":181,"column":9},"end":{"line":189,"column":5}},"type":"if","locations":[{"start":{"line":181,"column":9},"end":{"line":189,"column":5}},{"start":{"line":184,"column":9},"end":{"line":189,"column":5}}],"line":181},"32":{"loc":{"start":{"line":181,"column":13},"end":{"line":181,"column":71}},"type":"binary-expr","locations":[{"start":{"line":181,"column":13},"end":{"line":181,"column":40}},{"start":{"line":181,"column":44},"end":{"line":181,"column":71}}],"line":181},"33":{"loc":{"start":{"line":184,"column":9},"end":{"line":189,"column":5}},"type":"if","locations":[{"start":{"line":184,"column":9},"end":{"line":189,"column":5}},{"start":{"line":187,"column":9},"end":{"line":189,"column":5}}],"line":184},"34":{"loc":{"start":{"line":200,"column":4},"end":{"line":203,"column":5}},"type":"if","locations":[{"start":{"line":200,"column":4},"end":{"line":203,"column":5}},{"start":{},"end":{}}],"line":200},"35":{"loc":{"start":{"line":216,"column":8},"end":{"line":223,"column":9}},"type":"if","locations":[{"start":{"line":216,"column":8},"end":{"line":223,"column":9}},{"start":{},"end":{}}],"line":216},"36":{"loc":{"start":{"line":219,"column":12},"end":{"line":221,"column":13}},"type":"if","locations":[{"start":{"line":219,"column":12},"end":{"line":221,"column":13}},{"start":{},"end":{}}],"line":219}},"s":{"0":1,"1":1,"2":1,"3":3538888,"4":3538888,"5":65358322,"6":15608142,"7":15608142,"8":166,"9":15607976,"10":0,"11":0,"12":0,"13":0,"14":0,"15":0,"16":45753054,"17":43816354,"18":1936700,"19":45753054,"20":43816354,"21":1936700,"22":65358322,"23":166,"24":65358156,"25":2172778,"26":63185378,"27":0,"28":63185378,"29":889245,"30":62296133,"31":0,"32":0,"33":62296133,"34":0,"35":62296133,"36":62296133,"37":62296133,"38":3053512,"39":59242621,"40":12666813,"41":12666813,"42":112183,"43":12554630,"44":12554630,"45":46575808,"46":46575808,"47":46575808,"48":45753054,"49":822754,"50":364516,"51":458238,"52":0,"53":3538888,"54":9442264,"55":9442264,"56":0,"57":9442264,"58":9442264,"59":3538888,"60":1883912,"61":1883912,"62":1472440,"63":1883912,"64":4680,"65":1883912,"66":8369931,"67":37,"68":37,"69":0,"70":37,"71":16,"72":2704,"73":686,"74":21,"75":1883912,"76":160692,"77":48,"78":0,"79":48,"80":20,"81":28,"82":14,"83":14,"84":48,"85":48,"86":37,"87":37,"88":9441792,"89":11,"90":472,"91":49,"92":48,"93":3538894,"94":42,"95":3538888,"96":42,"97":37,"98":5,"99":1,"100":12,"101":166,"102":5,"103":166},"f":{"0":3538888,"1":65358322,"2":15608142,"3":0,"4":45753054,"5":45753054,"6":65358322,"7":9442264,"8":3538888,"9":1883912,"10":37,"11":8369931,"12":2704,"13":686,"14":1883912,"15":160692,"16":48,"17":48,"18":9441792,"19":472,"20":12,"21":49,"22":3538894,"23":3538888,"24":166,"25":5,"26":166},"b":{"0":[166,15607976],"1":[0,0,0,0,0],"2":[43816354,1936700],"3":[43816354,1936700],"4":[166,65358156],"5":[2172778,63185378],"6":[0,63185378],"7":[889245,62296133],"8":[0,62296133],"9":[0,62296133],"10":[62296133,0],"11":[3053512,59242621],"12":[12666813,46575808],"13":[112183,12554630],"14":[1267565,11287065],"15":[12554630,11435070],"16":[46575808,0],"17":[46575808,46575808,46575808],"18":[45753054,822754],"19":[46575808,41206639],"20":[364516,458238],"21":[822754,546704],"22":[0,9442264],"23":[1472440,411472],"24":[4680,1879232],"25":[3032996,5336935],"26":[0,37],"27":[16,21],"28":[37,16],"29":[1883912,316744],"30":[0,48],"31":[20,28],"32":[48,20],"33":[14,14],"34":[37,11],"35":[48,1],"36":[37,5]},"_coverageSchema":"1a1c01bbd47fc00a2c39e90264f33305004495a9","hash":"1d622e3fc1571a1789337a844902af28a02c3620"}
,"/home/mael/github/JavaScript_Project_S6/src/solutionSwitch.js": {"path":"/home/mael/github/JavaScript_Project_S6/src/solutionSwitch.js","statementMap":{"0":{"start":{"line":11,"column":13},"end":{"line":11,"column":15}},"1":{"start":{"line":12,"column":13},"end":{"line":12,"column":15}},"2":{"start":{"line":13,"column":13},"end":{"line":13,"column":15}},"3":{"start":{"line":14,"column":13},"end":{"line":14,"column":15}},"4":{"start":{"line":15,"column":13},"end":{"line":15,"column":15}},"5":{"start":{"line":16,"column":18},"end":{"line":16,"column":38}},"6":{"start":{"line":18,"column":8},"end":{"line":20,"column":9}},"7":{"start":{"line":19,"column":12},"end":{"line":19,"column":27}},"8":{"start":{"line":21,"column":8},"end":{"line":98,"column":9}},"9":{"start":{"line":22,"column":12},"end":{"line":97,"column":13}},"10":{"start":{"line":24,"column":20},"end":{"line":24,"column":102}},"11":{"start":{"line":24,"column":56},"end":{"line":24,"column":98}},"12":{"start":{"line":25,"column":20},"end":{"line":25,"column":92}},"13":{"start":{"line":27,"column":20},"end":{"line":27,"column":108}},"14":{"start":{"line":27,"column":56},"end":{"line":27,"column":104}},"15":{"start":{"line":28,"column":20},"end":{"line":28,"column":92}},"16":{"start":{"line":30,"column":20},"end":{"line":30,"column":109}},"17":{"start":{"line":30,"column":56},"end":{"line":30,"column":105}},"18":{"start":{"line":31,"column":20},"end":{"line":31,"column":92}},"19":{"start":{"line":33,"column":20},"end":{"line":33,"column":106}},"20":{"start":{"line":33,"column":56},"end":{"line":33,"column":102}},"21":{"start":{"line":34,"column":20},"end":{"line":34,"column":92}},"22":{"start":{"line":36,"column":20},"end":{"line":36,"column":112}},"23":{"start":{"line":36,"column":56},"end":{"line":36,"column":108}},"24":{"start":{"line":37,"column":20},"end":{"line":37,"column":92}},"25":{"start":{"line":39,"column":20},"end":{"line":39,"column":113}},"26":{"start":{"line":39,"column":56},"end":{"line":39,"column":109}},"27":{"start":{"line":40,"column":20},"end":{"line":40,"column":92}},"28":{"start":{"line":42,"column":20},"end":{"line":42,"column":105}},"29":{"start":{"line":42,"column":56},"end":{"line":42,"column":101}},"30":{"start":{"line":43,"column":20},"end":{"line":43,"column":92}},"31":{"start":{"line":45,"column":20},"end":{"line":45,"column":111}},"32":{"start":{"line":45,"column":56},"end":{"line":45,"column":107}},"33":{"start":{"line":46,"column":20},"end":{"line":46,"column":92}},"34":{"start":{"line":48,"column":20},"end":{"line":48,"column":112}},"35":{"start":{"line":48,"column":56},"end":{"line":48,"column":108}},"36":{"start":{"line":49,"column":20},"end":{"line":49,"column":92}},"37":{"start":{"line":51,"column":20},"end":{"line":51,"column":107}},"38":{"start":{"line":51,"column":56},"end":{"line":51,"column":103}},"39":{"start":{"line":52,"column":20},"end":{"line":52,"column":92}},"40":{"start":{"line":54,"column":20},"end":{"line":54,"column":113}},"41":{"start":{"line":54,"column":56},"end":{"line":54,"column":109}},"42":{"start":{"line":55,"column":20},"end":{"line":55,"column":92}},"43":{"start":{"line":57,"column":20},"end":{"line":57,"column":114}},"44":{"start":{"line":57,"column":56},"end":{"line":57,"column":110}},"45":{"start":{"line":58,"column":20},"end":{"line":58,"column":92}},"46":{"start":{"line":60,"column":20},"end":{"line":60,"column":68}},"47":{"start":{"line":61,"column":20},"end":{"line":61,"column":92}},"48":{"start":{"line":63,"column":20},"end":{"line":63,"column":72}},"49":{"start":{"line":64,"column":20},"end":{"line":64,"column":92}},"50":{"start":{"line":66,"column":20},"end":{"line":66,"column":71}},"51":{"start":{"line":67,"column":20},"end":{"line":67,"column":92}},"52":{"start":{"line":69,"column":20},"end":{"line":69,"column":73}},"53":{"start":{"line":70,"column":20},"end":{"line":70,"column":92}},"54":{"start":{"line":72,"column":20},"end":{"line":72,"column":68}},"55":{"start":{"line":73,"column":20},"end":{"line":73,"column":92}},"56":{"start":{"line":75,"column":20},"end":{"line":75,"column":72}},"57":{"start":{"line":76,"column":20},"end":{"line":76,"column":92}},"58":{"start":{"line":78,"column":20},"end":{"line":78,"column":71}},"59":{"start":{"line":79,"column":20},"end":{"line":79,"column":92}},"60":{"start":{"line":81,"column":20},"end":{"line":81,"column":73}},"61":{"start":{"line":82,"column":20},"end":{"line":82,"column":92}},"62":{"start":{"line":84,"column":20},"end":{"line":84,"column":68}},"63":{"start":{"line":85,"column":20},"end":{"line":85,"column":92}},"64":{"start":{"line":87,"column":20},"end":{"line":87,"column":72}},"65":{"start":{"line":88,"column":20},"end":{"line":88,"column":92}},"66":{"start":{"line":90,"column":20},"end":{"line":90,"column":71}},"67":{"start":{"line":91,"column":20},"end":{"line":91,"column":92}},"68":{"start":{"line":93,"column":20},"end":{"line":93,"column":73}},"69":{"start":{"line":94,"column":20},"end":{"line":94,"column":92}},"70":{"start":{"line":96,"column":20},"end":{"line":96,"column":26}},"71":{"start":{"line":99,"column":8},"end":{"line":176,"column":9}},"72":{"start":{"line":100,"column":12},"end":{"line":175,"column":13}},"73":{"start":{"line":102,"column":20},"end":{"line":102,"column":102}},"74":{"start":{"line":102,"column":56},"end":{"line":102,"column":98}},"75":{"start":{"line":103,"column":20},"end":{"line":103,"column":92}},"76":{"start":{"line":105,"column":20},"end":{"line":105,"column":108}},"77":{"start":{"line":105,"column":56},"end":{"line":105,"column":104}},"78":{"start":{"line":106,"column":20},"end":{"line":106,"column":92}},"79":{"start":{"line":108,"column":20},"end":{"line":108,"column":109}},"80":{"start":{"line":108,"column":56},"end":{"line":108,"column":105}},"81":{"start":{"line":109,"column":20},"end":{"line":109,"column":92}},"82":{"start":{"line":111,"column":20},"end":{"line":111,"column":106}},"83":{"start":{"line":111,"column":56},"end":{"line":111,"column":102}},"84":{"start":{"line":112,"column":20},"end":{"line":112,"column":92}},"85":{"start":{"line":114,"column":20},"end":{"line":114,"column":112}},"86":{"start":{"line":114,"column":56},"end":{"line":114,"column":108}},"87":{"start":{"line":115,"column":20},"end":{"line":115,"column":92}},"88":{"start":{"line":117,"column":20},"end":{"line":117,"column":113}},"89":{"start":{"line":117,"column":56},"end":{"line":117,"column":109}},"90":{"start":{"line":118,"column":20},"end":{"line":118,"column":92}},"91":{"start":{"line":120,"column":20},"end":{"line":120,"column":105}},"92":{"start":{"line":120,"column":56},"end":{"line":120,"column":101}},"93":{"start":{"line":121,"column":20},"end":{"line":121,"column":92}},"94":{"start":{"line":123,"column":20},"end":{"line":123,"column":111}},"95":{"start":{"line":123,"column":56},"end":{"line":123,"column":107}},"96":{"start":{"line":124,"column":20},"end":{"line":124,"column":92}},"97":{"start":{"line":126,"column":20},"end":{"line":126,"column":112}},"98":{"start":{"line":126,"column":56},"end":{"line":126,"column":108}},"99":{"start":{"line":127,"column":20},"end":{"line":127,"column":92}},"100":{"start":{"line":129,"column":20},"end":{"line":129,"column":107}},"101":{"start":{"line":129,"column":56},"end":{"line":129,"column":103}},"102":{"start":{"line":130,"column":20},"end":{"line":130,"column":92}},"103":{"start":{"line":132,"column":20},"end":{"line":132,"column":113}},"104":{"start":{"line":132,"column":56},"end":{"line":132,"column":109}},"105":{"start":{"line":133,"column":20},"end":{"line":133,"column":92}},"106":{"start":{"line":135,"column":20},"end":{"line":135,"column":114}},"107":{"start":{"line":135,"column":56},"end":{"line":135,"column":110}},"108":{"start":{"line":136,"column":20},"end":{"line":136,"column":92}},"109":{"start":{"line":138,"column":20},"end":{"line":138,"column":68}},"110":{"start":{"line":139,"column":20},"end":{"line":139,"column":92}},"111":{"start":{"line":141,"column":20},"end":{"line":141,"column":72}},"112":{"start":{"line":142,"column":20},"end":{"line":142,"column":92}},"113":{"start":{"line":144,"column":20},"end":{"line":144,"column":71}},"114":{"start":{"line":145,"column":20},"end":{"line":145,"column":92}},"115":{"start":{"line":147,"column":20},"end":{"line":147,"column":73}},"116":{"start":{"line":148,"column":20},"end":{"line":148,"column":92}},"117":{"start":{"line":150,"column":20},"end":{"line":150,"column":68}},"118":{"start":{"line":151,"column":20},"end":{"line":151,"column":92}},"119":{"start":{"line":153,"column":20},"end":{"line":153,"column":72}},"120":{"start":{"line":154,"column":20},"end":{"line":154,"column":92}},"121":{"start":{"line":156,"column":20},"end":{"line":156,"column":71}},"122":{"start":{"line":157,"column":20},"end":{"line":157,"column":92}},"123":{"start":{"line":159,"column":20},"end":{"line":159,"column":73}},"124":{"start":{"line":160,"column":20},"end":{"line":160,"column":92}},"125":{"start":{"line":162,"column":20},"end":{"line":162,"column":68}},"126":{"start":{"line":163,"column":20},"end":{"line":163,"column":92}},"127":{"start":{"line":165,"column":20},"end":{"line":165,"column":72}},"128":{"start":{"line":166,"column":20},"end":{"line":166,"column":92}},"129":{"start":{"line":168,"column":20},"end":{"line":168,"column":71}},"130":{"start":{"line":169,"column":20},"end":{"line":169,"column":92}},"131":{"start":{"line":171,"column":20},"end":{"line":171,"column":73}},"132":{"start":{"line":172,"column":20},"end":{"line":172,"column":92}},"133":{"start":{"line":174,"column":20},"end":{"line":174,"column":26}},"134":{"start":{"line":177,"column":8},"end":{"line":254,"column":9}},"135":{"start":{"line":178,"column":12},"end":{"line":253,"column":13}},"136":{"start":{"line":180,"column":20},"end":{"line":180,"column":102}},"137":{"start":{"line":180,"column":56},"end":{"line":180,"column":98}},"138":{"start":{"line":181,"column":20},"end":{"line":181,"column":92}},"139":{"start":{"line":183,"column":20},"end":{"line":183,"column":108}},"140":{"start":{"line":183,"column":56},"end":{"line":183,"column":104}},"141":{"start":{"line":184,"column":20},"end":{"line":184,"column":92}},"142":{"start":{"line":186,"column":20},"end":{"line":186,"column":109}},"143":{"start":{"line":186,"column":56},"end":{"line":186,"column":105}},"144":{"start":{"line":187,"column":20},"end":{"line":187,"column":92}},"145":{"start":{"line":189,"column":20},"end":{"line":189,"column":106}},"146":{"start":{"line":189,"column":56},"end":{"line":189,"column":102}},"147":{"start":{"line":190,"column":20},"end":{"line":190,"column":92}},"148":{"start":{"line":192,"column":20},"end":{"line":192,"column":112}},"149":{"start":{"line":192,"column":56},"end":{"line":192,"column":108}},"150":{"start":{"line":193,"column":20},"end":{"line":193,"column":92}},"151":{"start":{"line":195,"column":20},"end":{"line":195,"column":113}},"152":{"start":{"line":195,"column":56},"end":{"line":195,"column":109}},"153":{"start":{"line":196,"column":20},"end":{"line":196,"column":92}},"154":{"start":{"line":198,"column":20},"end":{"line":198,"column":105}},"155":{"start":{"line":198,"column":56},"end":{"line":198,"column":101}},"156":{"start":{"line":199,"column":20},"end":{"line":199,"column":92}},"157":{"start":{"line":201,"column":20},"end":{"line":201,"column":111}},"158":{"start":{"line":201,"column":56},"end":{"line":201,"column":107}},"159":{"start":{"line":202,"column":20},"end":{"line":202,"column":92}},"160":{"start":{"line":204,"column":20},"end":{"line":204,"column":112}},"161":{"start":{"line":204,"column":56},"end":{"line":204,"column":108}},"162":{"start":{"line":205,"column":20},"end":{"line":205,"column":92}},"163":{"start":{"line":207,"column":20},"end":{"line":207,"column":107}},"164":{"start":{
[...]
ine":105,"column":55},"end":{"line":105,"column":105}},"line":105},"16":{"name":"(anonymous_16)","decl":{"start":{"line":108,"column":37},"end":{"line":108,"column":38}},"loc":{"start":{"line":108,"column":55},"end":{"line":108,"column":106}},"line":108},"17":{"name":"(anonymous_17)","decl":{"start":{"line":111,"column":37},"end":{"line":111,"column":38}},"loc":{"start":{"line":111,"column":55},"end":{"line":111,"column":103}},"line":111},"18":{"name":"(anonymous_18)","decl":{"start":{"line":114,"column":37},"end":{"line":114,"column":38}},"loc":{"start":{"line":114,"column":55},"end":{"line":114,"column":109}},"line":114},"19":{"name":"(anonymous_19)","decl":{"start":{"line":117,"column":37},"end":{"line":117,"column":38}},"loc":{"start":{"line":117,"column":55},"end":{"line":117,"column":110}},"line":117},"20":{"name":"(anonymous_20)","decl":{"start":{"line":120,"column":37},"end":{"line":120,"column":38}},"loc":{"start":{"line":120,"column":55},"end":{"line":120,"column":102}},"line":120},"21":{"name":"(anonymous_21)","decl":{"start":{"line":123,"column":37},"end":{"line":123,"column":38}},"loc":{"start":{"line":123,"column":55},"end":{"line":123,"column":108}},"line":123},"22":{"name":"(anonymous_22)","decl":{"start":{"line":126,"column":37},"end":{"line":126,"column":38}},"loc":{"start":{"line":126,"column":55},"end":{"line":126,"column":109}},"line":126},"23":{"name":"(anonymous_23)","decl":{"start":{"line":129,"column":37},"end":{"line":129,"column":38}},"loc":{"start":{"line":129,"column":55},"end":{"line":129,"column":104}},"line":129},"24":{"name":"(anonymous_24)","decl":{"start":{"line":132,"column":37},"end":{"line":132,"column":38}},"loc":{"start":{"line":132,"column":55},"end":{"line":132,"column":110}},"line":132},"25":{"name":"(anonymous_25)","decl":{"start":{"line":135,"column":37},"end":{"line":135,"column":38}},"loc":{"start":{"line":135,"column":55},"end":{"line":135,"column":111}},"line":135},"26":{"name":"(anonymous_26)","decl":{"start":{"line":180,"column":37},"end":{"line":180,"column":38}},"loc":{"start":{"line":180,"column":55},"end":{"line":180,"column":99}},"line":180},"27":{"name":"(anonymous_27)","decl":{"start":{"line":183,"column":37},"end":{"line":183,"column":38}},"loc":{"start":{"line":183,"column":55},"end":{"line":183,"column":105}},"line":183},"28":{"name":"(anonymous_28)","decl":{"start":{"line":186,"column":37},"end":{"line":186,"column":38}},"loc":{"start":{"line":186,"column":55},"end":{"line":186,"column":106}},"line":186},"29":{"name":"(anonymous_29)","decl":{"start":{"line":189,"column":37},"end":{"line":189,"column":38}},"loc":{"start":{"line":189,"column":55},"end":{"line":189,"column":103}},"line":189},"30":{"name":"(anonymous_30)","decl":{"start":{"line":192,"column":37},"end":{"line":192,"column":38}},"loc":{"start":{"line":192,"column":55},"end":{"line":192,"column":109}},"line":192},"31":{"name":"(anonymous_31)","decl":{"start":{"line":195,"column":37},"end":{"line":195,"column":38}},"loc":{"start":{"line":195,"column":55},"end":{"line":195,"column":110}},"line":195},"32":{"name":"(anonymous_32)","decl":{"start":{"line":198,"column":37},"end":{"line":198,"column":38}},"loc":{"start":{"line":198,"column":55},"end":{"line":198,"column":102}},"line":198},"33":{"name":"(anonymous_33)","decl":{"start":{"line":201,"column":37},"end":{"line":201,"column":38}},"loc":{"start":{"line":201,"column":55},"end":{"line":201,"column":108}},"line":201},"34":{"name":"(anonymous_34)","decl":{"start":{"line":204,"column":37},"end":{"line":204,"column":38}},"loc":{"start":{"line":204,"column":55},"end":{"line":204,"column":109}},"line":204},"35":{"name":"(anonymous_35)","decl":{"start":{"line":207,"column":37},"end":{"line":207,"column":38}},"loc":{"start":{"line":207,"column":55},"end":{"line":207,"column":104}},"line":207},"36":{"name":"(anonymous_36)","decl":{"start":{"line":210,"column":37},"end":{"line":210,"column":38}},"loc":{"start":{"line":210,"column":55},"end":{"line":210,"column":110}},"line":210},"37":{"name":"(anonymous_37)","decl":{"start":{"line":213,"column":37},"end":{"line":213,"column":38}},"loc":{"start":{"line":213,"column":55},"end":{"line":213,"column":111}},"line":213}},"branchMap":{"0":{"loc":{"start":{"line":18,"column":8},"end":{"line":20,"column":9}},"type":"if","locations":[{"start":{"line":18,"column":8},"end":{"line":20,"column":9}},{"start":{},"end":{}}],"line":18},"1":{"loc":{"start":{"line":21,"column":8},"end":{"line":98,"column":9}},"type":"if","locations":[{"start":{"line":21,"column":8},"end":{"line":98,"column":9}},{"start":{},"end":{}}],"line":21},"2":{"loc":{"start":{"line":21,"column":12},"end":{"line":21,"column":84}},"type":"binary-expr","locations":[{"start":{"line":21,"column":12},"end":{"line":21,"column":39}},{"start":{"line":21,"column":43},"end":{"line":21,"column":84}}],"line":21},"3":{"loc":{"start":{"line":22,"column":12},"end":{"line":97,"column":13}},"type":"switch","locations":[{"start":{"line":23,"column":16},"end":{"line":25,"column":92}},{"start":{"line":26,"column":16},"end":{"line":28,"column":92}},{"start":{"line":29,"column":16},"end":{"line":31,"column":92}},{"start":{"line":32,"column":16},"end":{"line":34,"column":92}},{"start":{"line":35,"column":16},"end":{"line":37,"column":92}},{"start":{"line":38,"column":16},"end":{"line":40,"column":92}},{"start":{"line":41,"column":16},"end":{"line":43,"column":92}},{"start":{"line":44,"column":16},"end":{"line":46,"column":92}},{"start":{"line":47,"column":16},"end":{"line":49,"column":92}},{"start":{"line":50,"column":16},"end":{"line":52,"column":92}},{"start":{"line":53,"column":16},"end":{"line":55,"column":92}},{"start":{"line":56,"column":16},"end":{"line":58,"column":92}},{"start":{"line":59,"column":16},"end":{"line":61,"column":92}},{"start":{"line":62,"column":16},"end":{"line":64,"column":92}},{"start":{"line":65,"column":16},"end":{"line":67,"column":92}},{"start":{"line":68,"column":16},"end":{"line":70,"column":92}},{"start":{"line":71,"column":16},"end":{"line":73,"column":92}},{"start":{"line":74,"column":16},"end":{"line":76,"column":92}},{"start":{"line":77,"column":16},"end":{"line":79,"column":92}},{"start":{"line":80,"column":16},"end":{"line":82,"column":92}},{"start":{"line":83,"column":16},"end":{"line":85,"column":92}},{"start":{"line":86,"column":16},"end":{"line":88,"column":92}},{"start":{"line":89,"column":16},"end":{"line":91,"column":92}},{"start":{"line":92,"column":16},"end":{"line":94,"column":92}},{"start":{"line":95,"column":16},"end":{"line":96,"column":26}}],"line":22},"4":{"loc":{"start":{"line":99,"column":8},"end":{"line":176,"column":9}},"type":"if","locations":[{"start":{"line":99,"column":8},"end":{"line":176,"column":9}},{"start":{},"end":{}}],"line":99},"5":{"loc":{"start":{"line":99,"column":12},"end":{"line":99,"column":84}},"type":"binary-expr","locations":[{"start":{"line":99,"column":12},"end":{"line":99,"column":39}},{"start":{"line":99,"column":43},"end":{"line":99,"column":84}}],"line":99},"6":{"loc":{"start":{"line":100,"column":12},"end":{"line":175,"column":13}},"type":"switch","locations":[{"start":{"line":101,"column":16},"end":{"line":103,"column":92}},{"start":{"line":104,"column":16},"end":{"line":106,"column":92}},{"start":{"line":107,"column":16},"end":{"line":109,"column":92}},{"start":{"line":110,"column":16},"end":{"line":112,"column":92}},{"start":{"line":113,"column":16},"end":{"line":115,"column":92}},{"start":{"line":116,"column":16},"end":{"line":118,"column":92}},{"start":{"line":119,"column":16},"end":{"line":121,"column":92}},{"start":{"line":122,"column":16},"end":{"line":124,"column":92}},{"start":{"line":125,"column":16},"end":{"line":127,"column":92}},{"start":{"line":128,"column":16},"end":{"line":130,"column":92}},{"start":{"line":131,"column":16},"end":{"line":133,"column":92}},{"start":{"line":134,"column":16},"end":{"line":136,"column":92}},{"start":{"line":137,"column":16},"end":{"line":139,"column":92}},{"start":{"line":140,"column":16},"end":{"line":142,"column":92}},{"start":{"line":143,"column":16},"end":{"line":145,"column":92}},{"start":{"line":146,"column":16},"end":{"line":148,"column":92}},{"start":{"line":149,"column":16},"end":{"line":151,"column":92}},{"start":{"line":152,"column":16},"end":{"line":154,"column":92}},{"start":{"line":155,"column":16},"end":{"line":157,"column":92}},{"start":{"line":158,"column":16},"end":{"line":160,"column":92}},{"start":{"line":161,"column":16},"end":{"line":163,"column":92}},{"start":{"line":164,"column":16},"end":{"line":166,"column":92}},{"start":{"line":167,"column":16},"end":{"line":169,"column":92}},{"start":{"line":170,"column":16},"end":{"line":172,"column":92}},{"start":{"line":173,"column":16},"end":{"line":174,"column":26}}],"line":100},"7":{"loc":{"start":{"line":177,"column":8},"end":{"line":254,"column":9}},"type":"if","locations":[{"start":{"line":177,"column":8},"end":{"line":254,"column":9}},{"start":{},"end":{}}],"line":177},"8":{"loc":{"start":{"line":177,"column":12},"end":{"line":177,"column":84}},"type":"binary-expr","locations":[{"start":{"line":177,"column":12},"end":{"line":177,"column":39}},{"start":{"line":177,"column":43},"end":{"line":177,"column":84}}],"line":177},"9":{"loc":{"start":{"line":178,"column":12},"end":{"line":253,"column":13}},"type":"switch","locations":[{"start":{"line":179,"column":16},"end":{"line":181,"column":92}},{"start":{"line":182,"column":16},"end":{"line":184,"column":92}},{"start":{"line":185,"column":16},"end":{"line":187,"column":92}},{"start":{"line":188,"column":16},"end":{"line":190,"column":92}},{"start":{"line":191,"column":16},"end":{"line":193,"column":92}},{"start":{"line":194,"column":16},"end":{"line":196,"column":92}},{"start":{"line":197,"column":16},"end":{"line":199,"column":92}},{"start":{"line":200,"column":16},"end":{"line":202,"column":92}},{"start":{"line":203,"column":16},"end":{"line":205,"column":92}},{"start":{"line":206,"column":16},"end":{"line":208,"column":92}},{"start":{"line":209,"column":16},"end":{"line":211,"column":92}},{"start":{"line":212,"column":16},"end":{"line":214,"column":92}},{"start":{"line":215,"column":16},"end":{"line":217,"column":92}},{"start":{"line":218,"column":16},"end":{"line":220,"column":92}},{"start":{"line":221,"column":16},"end":{"line":223,"column":92}},{"start":{"line":224,"column":16},"end":{"line":226,"column":92}},{"start":{"line":227,"column":16},"end":{"line":229,"column":92}},{"start":{"line":230,"column":16},"end":{"line":232,"column":92}},{"start":{"line":233,"column":16},"end":{"line":235,"column":92}},{"start":{"line":236,"column":16},"end":{"line":238,"column":92}},{"start":{"line":239,"column":16},"end":{"line":241,"column":92}},{"start":{"line":242,"column":16},"end":{"line":244,"column":92}},{"start":{"line":245,"column":16},"end":{"line":247,"column":92}},{"start":{"line":248,"column":16},"end":{"line":250,"column":92}},{"start":{"line":251,"column":16},"end":{"line":252,"column":26}}],"line":178},"10":{"loc":{"start":{"line":255,"column":8},"end":{"line":257,"column":9}},"type":"if","locations":[{"start":{"line":255,"column":8},"end":{"line":257,"column":9}},{"start":{},"end":{}}],"line":255},"11":{"loc":{"start":{"line":255,"column":12},"end":{"line":255,"column":149}},"type":"binary-expr","locations":[{"start":{"line":255,"column":12},"end":{"line":255,"column":55}},{"start":{"line":255,"column":59},"end":{"line":255,"column":102}},{"start":{"line":255,"column":106},"end":{"line":255,"column":149}}],"line":255}},"s":{"0":3539060,"1":3539060,"2":3539060,"3":3539060,"4":3539060,"5":3539060,"6":16089518,"7":2838830,"8":13250688,"9":12705501,"10":357911,"11":471491,"12":357911,"13":355709,"14":881763,"15":355709,"16":355432,"17":882293,"18":355432,"19":353137,"20":688305,"21":353137,"22":355708,"23":881947,"24":355708,"25":355168,"26":881533,"27":355168,"28":354672,"29":855890,"30":354672,"31":378008,"32":952864,"33":378008,"34":386752,"35":986411,"36":386752,"37":356944,"38":887644,"39":356944,"40":378808,"41":957316,"42":378808,"43":378814,"44":957343,"45":378814,"46":72262,"47":72262,"48":72248,"49":72248,"50":72224,"51":72224,"52":72224,"53":72224,"54":276591,"55":276591,"56":288991,"57":288991,"58":72135,"59":72135,"60":71975,"61":71975,"62":32196,"63":32196,"64":32196,"65":32196,"66":8256,"67":8256,"68":8256,"69":8256,"70":7258884,"71":7804071,"72":7048031,"73":334702,"74":245476,"75":334702,"76":306595,"77":168044,"78":306595,"79":306595,"80":168586,"81":306595,"82":319051,"83":259322,"84":319051,"85":306595,"86":168180,"87":306595,"88":306595,"89":168180,"90":306595,"91":307267,"92":152696,"93":307267,"94":310595,"95":192850,"96":310595,"97":325603,"98":249304,"99":325603,"100":309267,"101":174692,"102":309267,"103":311475,"104":197380,"105":311475,"106":311475,"107":197380,"108":311475,"109":295843,"110":295843,"111":309043,"112":309043,"113":286483,"114":286483,"115":287363,"116":287363,"117":282243,"118":282243,"119":290451,"120":290451,"121":286483,"122":286483,"123":287363,"124":287363,"125":32956,"126":32956,"127":32956,"128":32956,"129":31804,"130":31804,"131":31804,"132":31804,"133":837424,"134":1593464,"135":1035986,"136":37502,"137":2011,"138":37502,"139":37740,"140":3888,"141":37740,"142":37740,"143":3888,"144":37740,"145":37500,"146":2397,"147":37500,"148":37740,"149":3888,"150":37740,"151":37740,"152":3888,"153":37740,"154":37452,"155":3792,"156":37452,"157":37740,"158":3888,"159":37740,"160":37740,"161":3888,"162":37740,"163":37452,"164":3792,"165":37452,"166":37740,"167":3888,"168":37740,"169":37740,"170":3888,"171":37740,"172":36600,"173":36600,"174":36600,"175":36600,"176":36588,"177":36588,"178":36588,"179":36588,"180":37740,"181":37740,"182":37740,"183":37740,"184":36588,"185":36588,"186":36588,"187":36588,"188":36600,"189":36600,"190":36600,"191":36600,"192":36588,"193":36588,"194":36588,"195":36588,"196":142752,"197":700230,"198":6,"199":700224,"200":3539060},"f":{"0":3539060,"1":16089518,"2":471491,"3":881763,"4":882293,"5":688305,"6":881947,"7":881533,"8":855890,"9":952864,"10":986411,"11":887644,"12":957316,"13":957343,"14":245476,"15":168044,"16":168586,"17":259322,"18":168180,"19":168180,"20":152696,"21":192850,"22":249304,"23":174692,"24":197380,"25":197380,"26":2011,"27":3888,"28":3888,"29":2397,"30":3888,"31":3888,"32":3792,"33":3888,"34":3888,"35":3792,"36":3888,"37":3888},"b":{"0":[2838830,13250688],"1":[12705501,545187],"2":[13250688,13250688],"3":[357911,355709,355432,353137,355708,355168,354672,378008,386752,356944,378808,378814,72262,72248,72224,72224,276591,288991,72135,71975,32196,32196,8256,8256,7258884],"4":[7048031,756040],"5":[7804071,7804071],"6":[334702,306595,306595,319051,306595,306595,307267,310595,325603,309267,311475,311475,295843,309043,286483,287363,282243,290451,286483,287363,32956,32956,31804,31804,837424],"7":[1035986,557478],"8":[1593464,1593464],"9":[37502,37740,37740,37500,37740,37740,37452,37740,37740,37452,37740,37740,36600,36600,36588,36588,37740,37740,36588,36588,36600,36600,36588,36588,142752],"10":[6,700224],"11":[700230,225286,94854]},"_coverageSchema":"1a1c01bbd47fc00a2c39e90264f33305004495a9","hash":"7d59c975f0a6bd605aac44bac28cd37a661156e4"}
,"/home/mael/github/JavaScript_Project_S6/src/stack.js": {"path":"/home/mael/github/JavaScript_Project_S6/src/stack.js","statementMap":{"0":{"start":{"line":8,"column":4},"end":{"line":8,"column":20}},"1":{"start":{"line":17,"column":4},"end":{"line":17,"column":27}},"2":{"start":{"line":27,"column":4},"end":{"line":27,"column":27}},"3":{"start":{"line":36,"column":4},"end":{"line":38,"column":5}},"4":{"start":{"line":37,"column":8},"end":{"line":37,"column":59}},"5":{"start":{"line":39,"column":4},"end":{"line":39,"column":24}},"6":{"start":{"line":48,"column":4},"end":{"line":50,"column":5}},"7":{"start":{"line":49,"column":8},"end":{"line":49,"column":60}},"8":{"start":{"line":51,"column":4},"end":{"line":51,"column":24}},"9":{"start":{"line":60,"column":4},"end":{"line":60,"column":28}},"10":{"start":{"line":70,"column":4},"end":{"line":72,"column":5}},"11":{"start":{"line":71,"column":8},"end":{"line":71,"column":18}},"12":{"start":{"line":73,"column":4},"end":{"line":73,"column":66}},"13":{"start":{"line":83,"column":8},"end":{"line":87,"column":9}},"14":{"start":{"line":84,"column":12},"end":{"line":84,"column":30}},"15":{"start":{"line":86,"column":12},"end":{"line":86,"column":99}},"16":{"start":{"line":89,"column":4},"end":{"line":89,"column":42}},"17":{"start":{"line":98,"column":4},"end":{"line":102,"column":5}},"18":{"start":{"line":99,"column":8},"end":{"line":99,"column":17}},"19":{"start":{"line":101,"column":8},"end":{"line":101,"column":44}}},"fnMap":{"0":{"name":"stackCreateEmpty","decl":{"start":{"line":7,"column":9},"end":{"line":7,"column":25}},"loc":{"start":{"line":7,"column":28},"end":{"line":9,"column":1}},"line":7},"1":{"name":"stackIsEmpty","decl":{"start":{"line":16,"column":9},"end":{"line":16,"column":21}},"loc":{"start":{"line":16,"column":25},"end":{"line":18,"column":1}},"line":16},"2":{"name":"stackPush","decl":{"start":{"line":26,"column":9},"end":{"line":26,"column":18}},"loc":{"start":{"line":26,"column":25},"end":{"line":28,"column":1}},"line":26},"3":{"name":"stackPop","decl":{"start":{"line":35,"column":9},"end":{"line":35,"column":17}},"loc":{"start":{"line":35,"column":21},"end":{"line":40,"column":1}},"line":35},"4":{"name":"stackPeek","decl":{"start":{"line":47,"column":9},"end":{"line":47,"column":18}},"loc":{"start":{"line":47,"column":22},"end":{"line":52,"column":1}},"line":47},"5":{"name":"stackDisplay","decl":{"start":{"line":59,"column":9},"end":{"line":59,"column":21}},"loc":{"start":{"line":59,"column":25},"end":{"line":61,"column":1}},"line":59},"6":{"name":"stackAppend","decl":{"start":{"line":69,"column":9},"end":{"line":69,"column":20}},"loc":{"start":{"line":69,"column":28},"end":{"line":74,"column":1}},"line":69},"7":{"name":"stackReverse","decl":{"start":{"line":81,"column":9},"end":{"line":81,"column":21}},"loc":{"start":{"line":81,"column":25},"end":{"line":90,"column":1}},"line":81},"8":{"name":"reverse","decl":{"start":{"line":82,"column":13},"end":{"line":82,"column":20}},"loc":{"start":{"line":82,"column":47},"end":{"line":88,"column":5}},"line":82},"9":{"name":"stackLength","decl":{"start":{"line":97,"column":9},"end":{"line":97,"column":20}},"loc":{"start":{"line":97,"column":24},"end":{"line":103,"column":1}},"line":97}},"branchMap":{"0":{"loc":{"start":{"line":36,"column":4},"end":{"line":38,"column":5}},"type":"if","locations":[{"start":{"line":36,"column":4},"end":{"line":38,"column":5}},{"start":{},"end":{}}],"line":36},"1":{"loc":{"start":{"line":48,"column":4},"end":{"line":50,"column":5}},"type":"if","locations":[{"start":{"line":48,"column":4},"end":{"line":50,"column":5}},{"start":{},"end":{}}],"line":48},"2":{"loc":{"start":{"line":70,"column":4},"end":{"line":72,"column":5}},"type":"if","locations":[{"start":{"line":70,"column":4},"end":{"line":72,"column":5}},{"start":{},"end":{}}],"line":70},"3":{"loc":{"start":{"line":83,"column":8},"end":{"line":87,"column":9}},"type":"if","locations":[{"start":{"line":83,"column":8},"end":{"line":87,"column":9}},{"start":{"line":85,"column":15},"end":{"line":87,"column":9}}],"line":83},"4":{"loc":{"start":{"line":98,"column":4},"end":{"line":102,"column":5}},"type":"if","locations":[{"start":{"line":98,"column":4},"end":{"line":102,"column":5}},{"start":{"line":100,"column":11},"end":{"line":102,"column":5}}],"line":98}},"s":{"0":7078172,"1":278539197,"2":128495540,"3":124015493,"4":1,"5":124015492,"6":88336663,"7":1,"8":88336662,"9":5,"10":3,"11":2,"12":1,"13":4,"14":1,"15":3,"16":1,"17":4,"18":1,"19":3},"f":{"0":7078172,"1":278539197,"2":128495540,"3":124015493,"4":88336663,"5":5,"6":3,"7":1,"8":4,"9":4},"b":{"0":[1,124015492],"1":[1,88336662],"2":[2,1],"3":[1,3],"4":[1,3]},"_coverageSchema":"1a1c01bbd47fc00a2c39e90264f33305004495a9","hash":"68c76b8d67342ac87fdc95925fb1f5b818d6f40c"}
}
