TN:
SF:src/eval.js
FN:13,evaluator
FN:15,isDone
FN:18,update
FN:25,jumppad
FN:39,addDebug
FN:46,addInstructionFromOldFunction
FN:53,evalRec
FNF:7
FNH:7
FNDA:190,evaluator
FNDA:6240,isDone
FNDA:4863,update
FNDA:6,jumppad
FNDA:1133,addDebug
FNDA:1133,addInstructionFromOldFunction
FNDA:6240,evalRec
DA:3,2
DA:4,2
DA:5,2
DA:14,190
DA:16,6240
DA:19,4863
DA:20,4863
DA:21,179
DA:23,4684
DA:26,6
DA:28,1
DA:30,1
DA:32,1
DA:34,2
DA:36,1
DA:40,1133
DA:41,573
DA:43,560
DA:47,1133
DA:48,573
DA:50,560
DA:54,6240
DA:55,179
DA:57,6061
DA:58,3
DA:60,6058
DA:61,1
DA:63,6057
DA:64,1
DA:66,6056
DA:67,6
DA:68,5
DA:70,6050
DA:71,1
DA:73,6049
DA:74,6049
DA:75,6049
DA:76,547
DA:78,5502
DA:79,4313
DA:80,4311
DA:81,4311
DA:83,1189
DA:84,1188
DA:85,1188
DA:86,1133
DA:89,55
DA:90,1
DA:93,54
DA:98,1
DA:101,190
LF:51
LH:51
BRDA:20,0,0,179
BRDA:20,0,1,4684
BRDA:26,1,0,1
BRDA:26,1,1,1
BRDA:26,1,2,1
BRDA:26,1,3,2
BRDA:26,1,4,1
BRDA:40,2,0,573
BRDA:40,2,1,560
BRDA:47,3,0,573
BRDA:47,3,1,560
BRDA:54,4,0,179
BRDA:54,4,1,6061
BRDA:57,5,0,3
BRDA:57,5,1,6058
BRDA:60,6,0,1
BRDA:60,6,1,6057
BRDA:63,7,0,1
BRDA:63,7,1,6056
BRDA:66,8,0,6
BRDA:66,8,1,6050
BRDA:70,9,0,1
BRDA:70,9,1,6049
BRDA:70,10,0,6050
BRDA:70,10,1,3
BRDA:75,11,0,547
BRDA:75,11,1,5502
BRDA:78,12,0,4313
BRDA:78,12,1,1189
BRDA:83,13,0,1188
BRDA:83,13,1,1
BRDA:83,14,0,1189
BRDA:83,14,1,1189
BRDA:83,14,2,1189
BRDA:85,15,0,1133
BRDA:85,15,1,55
BRDA:85,16,0,1188
BRDA:85,16,1,428
BRDA:89,17,0,1
BRDA:89,17,1,54
BRDA:89,18,0,55
BRDA:89,18,1,4
BRF:42
BRH:42
end_of_record
TN:
SF:src/generatePuzzle.js
FN:12,boardInit
FN:13,(anonymous_1)
FN:13,(anonymous_2)
FN:13,(anonymous_3)
FN:20,puzzleInit
FN:30,getRandomArbitrary
FN:41,getBiasedInt
FN:55,generateColorProgram
FN:56,(anonymous_8)
FN:56,(anonymous_9)
FN:64,generateProgram
FN:65,(anonymous_11)
FN:65,(anonymous_12)
FN:75,generateSolvablePuzzle
FN:77,isDone
FN:80,update
FN:87,jumppad
FN:101,addDebug
FN:108,addLastAchievement
FN:109,(anonymous_19)
FN:109,(anonymous_20)
FN:123,updateBoard
FN:125,(anonymous_22)
FN:125,(anonymous_23)
FN:140,addInstructionFromOldFunction
FN:147,evalRec
FNF:26
FNH:23
FNDA:2,boardInit
FNDA:24,(anonymous_1)
FNDA:24,(anonymous_2)
FNDA:384,(anonymous_3)
FNDA:2,puzzleInit
FNDA:100,getRandomArbitrary
FNDA:100,getBiasedInt
FNDA:2,generateColorProgram
FNDA:10,(anonymous_8)
FNDA:50,(anonymous_9)
FNDA:2,generateProgram
FNDA:10,(anonymous_11)
FNDA:50,(anonymous_12)
FNDA:1,generateSolvablePuzzle
FNDA:6,isDone
FNDA:4,update
FNDA:0,jumppad
FNDA:0,addDebug
FNDA:1,addLastAchievement
FNDA:12,(anonymous_19)
FNDA:192,(anonymous_20)
FNDA:5,updateBoard
FNDA:60,(anonymous_22)
FNDA:960,(anonymous_23)
FNDA:0,addInstructionFromOldFunction
FNDA:6,evalRec
DA:4,1
DA:5,1
DA:6,1
DA:13,384
DA:21,2
DA:31,100
DA:42,100
DA:43,18
DA:46,82
DA:56,50
DA:65,50
DA:76,1
DA:78,6
DA:81,4
DA:82,4
DA:83,0
DA:85,4
DA:88,0
DA:90,0
DA:92,0
DA:94,0
DA:96,0
DA:98,0
DA:102,0
DA:103,0
DA:105,0
DA:109,12
DA:110,192
DA:111,1
DA:112,0
DA:115,1
DA:118,191
DA:124,5
DA:125,60
DA:126,960
DA:127,5
DA:128,0
DA:130,5
DA:133,955
DA:137,0
DA:141,0
DA:142,0
DA:144,0
DA:148,6
DA:149,0
DA:151,6
DA:152,0
DA:154,6
DA:155,1
DA:157,5
DA:158,0
DA:160,5
DA:161,0
DA:163,5
DA:164,0
DA:165,0
DA:167,5
DA:168,0
DA:170,5
DA:171,5
DA:172,5
DA:173,1
DA:175,4
DA:176,3
DA:177,3
DA:178,3
DA:179,3
DA:181,0
DA:184,1
DA:185,1
DA:186,1
DA:187,0
DA:190,1
DA:191,0
DA:194,1
DA:199,0
DA:202,1
LF:77
LH:50
BRDA:42,0,0,18
BRDA:42,0,1,82
BRDA:82,1,0,0
BRDA:82,1,1,4
BRDA:88,2,0,0
BRDA:88,2,1,0
BRDA:88,2,2,0
BRDA:88,2,3,0
BRDA:88,2,4,0
BRDA:102,3,0,0
BRDA:102,3,1,0
BRDA:110,4,0,1
BRDA:110,4,1,191
BRDA:110,5,0,192
BRDA:110,5,1,16
BRDA:111,6,0,0
BRDA:111,6,1,1
BRDA:124,7,0,5
BRDA:124,7,1,0
BRDA:126,8,0,5
BRDA:126,8,1,955
BRDA:126,9,0,960
BRDA:126,9,1,80
BRDA:127,10,0,0
BRDA:127,10,1,5
BRDA:141,11,0,0
BRDA:141,11,1,0
BRDA:148,12,0,0
BRDA:148,12,1,6
BRDA:148,13,0,6
BRDA:148,13,1,6
BRDA:148,13,2,6
BRDA:148,13,3,6
BRDA:151,14,0,0
BRDA:151,14,1,6
BRDA:154,15,0,1
BRDA:154,15,1,5
BRDA:157,16,0,0
BRDA:157,16,1,5
BRDA:160,17,0,0
BRDA:160,17,1,5
BRDA:163,18,0,0
BRDA:163,18,1,5
BRDA:167,19,0,0
BRDA:167,19,1,5
BRDA:167,20,0,5
BRDA:167,20,1,0
BRDA:172,21,0,1
BRDA:172,21,1,4
BRDA:175,22,0,3
BRDA:175,22,1,1
BRDA:184,23,0,1
BRDA:184,23,1,0
BRDA:184,24,0,1
BRDA:184,24,1,1
BRDA:184,24,2,1
BRDA:186,25,0,0
BRDA:186,25,1,1
BRDA:186,26,0,1
BRDA:186,26,1,1
BRDA:190,27,0,0
BRDA:190,27,1,1
BRDA:190,28,0,1
BRDA:190,28,1,1
BRF:64
BRH:41
end_of_record
TN:
SF:src/language.js
FN:9,teleport_from_start_to_end
FN:34,teleport
FN:57,move
FN:68,rotateLeft
FN:83,rotateRight
FN:98,cons
FNF:6
FNH:6
FNDA:102,teleport_from_start_to_end
FNDA:104,teleport
FNDA:95,move
FNDA:38,rotateLeft
FNDA:1039,rotateRight
FNDA:1074,cons
DA:10,102
DA:11,1
DA:14,101
DA:15,85
DA:16,4
DA:18,81
DA:21,16
DA:35,104
DA:37,36
DA:39,35
DA:41,6
DA:43,25
DA:45,2
DA:58,95
DA:69,38
DA:70,30
DA:72,8
DA:84,1039
DA:85,1017
DA:87,22
DA:99,1074
LF:21
LH:21
BRDA:10,0,0,1
BRDA:10,0,1,101
BRDA:10,1,0,102
BRDA:10,1,1,101
BRDA:10,1,2,101
BRDA:10,1,3,101
BRDA:14,2,0,85
BRDA:14,2,1,16
BRDA:14,3,0,101
BRDA:14,3,1,65
BRDA:15,4,0,4
BRDA:15,4,1,81
BRDA:35,5,0,36
BRDA:35,5,1,35
BRDA:35,5,2,6
BRDA:35,5,3,25
BRDA:35,5,4,2
BRDA:69,6,0,30
BRDA:69,6,1,8
BRDA:69,7,0,38
BRDA:69,7,1,17
BRDA:84,8,0,1017
BRDA:84,8,1,22
BRDA:84,9,0,1039
BRDA:84,9,1,33
BRF:25
BRH:25
end_of_record
TN:
SF:src/languageSolution.js
FN:9,teleport_from_start_to_end
FN:34,teleport
FN:57,move
FN:68,rotateLeft
FN:83,rotateRight
FN:98,cons
FNF:6
FNH:5
FNDA:3740944,teleport_from_start_to_end
FNDA:3747508,teleport
FNDA:3747508,move
FNDA:4415896,rotateLeft
FNDA:4506582,rotateRight
FNDA:0,cons
DA:10,3740944
DA:11,49834
DA:14,3691110
DA:15,1325272
DA:16,55785
DA:18,1269487
DA:21,2365838
DA:35,3747508
DA:37,395981
DA:39,3135140
DA:41,132415
DA:43,77408
DA:45,6564
DA:58,3747508
DA:69,4415896
DA:70,2124156
DA:72,2291740
DA:84,4506582
DA:85,2144366
DA:87,2362216
DA:99,0
LF:21
LH:20
BRDA:10,0,0,49834
BRDA:10,0,1,3691110
BRDA:10,1,0,3740944
BRDA:10,1,1,3740944
BRDA:10,1,2,3691110
BRDA:10,1,3,3691110
BRDA:14,2,0,1325272
BRDA:14,2,1,2365838
BRDA:14,3,0,3691110
BRDA:14,3,1,3071121
BRDA:15,4,0,55785
BRDA:15,4,1,1269487
BRDA:35,5,0,395981
BRDA:35,5,1,3135140
BRDA:35,5,2,132415
BRDA:35,5,3,77408
BRDA:35,5,4,6564
BRDA:69,6,0,2124156
BRDA:69,6,1,2291740
BRDA:69,7,0,4415896
BRDA:69,7,1,3345435
BRDA:84,8,0,2144366
BRDA:84,8,1,2362216
BRDA:84,9,0,4506582
BRDA:84,9,1,3416983
BRF:25
BRH:25
end_of_record
TN:
SF:src/list.js
FN:2,cons
FN:4,car
FN:5,cdr
FN:13,head
FN:20,tail
FN:27,isEmpty
FN:34,listDisp
FN:35,listDispRec
FNF:8
FNH:8
FNDA:128495544,cons
FNDA:88336675,car
FNDA:124015507,cdr
FNDA:88336675,head
FNDA:124015507,tail
FNDA:278539220,isEmpty
FNDA:5,listDisp
FNDA:10,listDispRec
DA:2,128495544
DA:3,4
DA:4,88336675
DA:5,124015507
DA:13,88336675
DA:20,124015507
DA:27,278539220
DA:36,10
DA:37,1
DA:38,9
DA:39,4
DA:41,5
DA:43,5
LF:13
LH:13
BRDA:36,0,0,1
BRDA:36,0,1,9
BRDA:38,1,0,4
BRDA:38,1,1,5
BRF:4
BRH:4
end_of_record
TN:
SF:src/solution.js
FN:14,evaluatorSolution
FN:17,isDone
FN:20,update
FN:27,jumppad
FN:41,addDebug
FN:48,addInstructionFromOldFunction
FN:55,evalRec
FN:116,convert
FN:131,create
FN:140,max
FN:156,selection
FN:157,greatestCounter
FN:165,(anonymous_12)
FN:165,(anonymous_13)
FN:168,(anonymous_14)
FN:168,(anonymous_15)
FN:177,caseNumber
FN:198,generate
FN:202,(anonymous_18)
FN:204,(anonymous_19)
FN:214,solution
FN:215,solutionRec
FN:217,(anonymous_22)
FN:218,(anonymous_23)
FN:226,(anonymous_24)
FN:236,solutionProgram
FN:237,(anonymous_26)
FNF:27
FNH:26
FNDA:3538888,evaluatorSolution
FNDA:65358322,isDone
FNDA:15608142,update
FNDA:0,jumppad
FNDA:45753054,addDebug
FNDA:45753054,addInstructionFromOldFunction
FNDA:65358322,evalRec
FNDA:9442264,convert
FNDA:3538888,create
FNDA:1883912,max
FNDA:37,selection
FNDA:8369931,greatestCounter
FNDA:2704,(anonymous_12)
FNDA:686,(anonymous_13)
FNDA:1883912,(anonymous_14)
FNDA:160692,(anonymous_15)
FNDA:48,caseNumber
FNDA:48,generate
FNDA:9441792,(anonymous_18)
FNDA:472,(anonymous_19)
FNDA:12,solution
FNDA:49,solutionRec
FNDA:3538894,(anonymous_22)
FNDA:3538888,(anonymous_23)
FNDA:166,(anonymous_24)
FNDA:5,solutionProgram
FNDA:166,(anonymous_26)
DA:4,1
DA:5,1
DA:6,1
DA:15,3538888
DA:16,3538888
DA:18,65358322
DA:21,15608142
DA:22,15608142
DA:23,166
DA:25,15607976
DA:28,0
DA:30,0
DA:32,0
DA:34,0
DA:36,0
DA:38,0
DA:42,45753054
DA:43,43816354
DA:45,1936700
DA:49,45753054
DA:50,43816354
DA:52,1936700
DA:56,65358322
DA:57,166
DA:59,65358156
DA:60,2172778
DA:62,63185378
DA:63,0
DA:65,63185378
DA:66,889245
DA:68,62296133
DA:69,0
DA:70,0
DA:72,62296133
DA:73,0
DA:75,62296133
DA:76,62296133
DA:77,62296133
DA:78,3053512
DA:80,59242621
DA:81,12666813
DA:82,12666813
DA:83,112183
DA:85,12554630
DA:86,12554630
DA:88,46575808
DA:89,46575808
DA:90,46575808
DA:91,45753054
DA:94,822754
DA:95,364516
DA:98,458238
DA:103,0
DA:106,3538888
DA:117,9442264
DA:118,9442264
DA:119,0
DA:121,9442264
DA:122,9442264
DA:132,3538888
DA:141,1883912
DA:142,1883912
DA:143,1472440
DA:145,1883912
DA:146,4680
DA:148,1883912
DA:158,8369931
DA:160,37
DA:161,37
DA:162,0
DA:164,37
DA:165,2704
DA:168,1883912
DA:178,48
DA:179,0
DA:181,48
DA:182,20
DA:184,28
DA:185,14
DA:188,14
DA:199,48
DA:200,48
DA:201,37
DA:202,9441792
DA:204,472
DA:216,49
DA:217,3538894
DA:218,3538888
DA:219,42
DA:220,37
DA:222,5
DA:224,1
DA:226,166
DA:237,166
LF:94
LH:80
BRDA:22,0,0,166
BRDA:22,0,1,15607976
BRDA:28,1,0,0
BRDA:28,1,1,0
BRDA:28,1,2,0
BRDA:28,1,3,0
BRDA:28,1,4,0
BRDA:42,2,0,43816354
BRDA:42,2,1,1936700
BRDA:49,3,0,43816354
BRDA:49,3,1,1936700
BRDA:56,4,0,166
BRDA:56,4,1,65358156
BRDA:59,5,0,2172778
BRDA:59,5,1,63185378
BRDA:62,6,0,0
BRDA:62,6,1,63185378
BRDA:65,7,0,889245
BRDA:65,7,1,62296133
BRDA:68,8,0,0
BRDA:68,8,1,62296133
BRDA:72,9,0,0
BRDA:72,9,1,62296133
BRDA:72,10,0,62296133
BRDA:72,10,1,0
BRDA:77,11,0,3053512
BRDA:77,11,1,59242621
BRDA:80,12,0,12666813
BRDA:80,12,1,46575808
BRDA:82,13,0,112183
BRDA:82,13,1,12554630
BRDA:86,14,0,1267565
BRDA:86,14,1,11287065
BRDA:86,15,0,12554630
BRDA:86,15,1,11435070
BRDA:88,16,0,46575808
BRDA:88,16,1,0
BRDA:88,17,0,46575808
BRDA:88,17,1,46575808
BRDA:88,17,2,46575808
BRDA:90,18,0,45753054
BRDA:90,18,1,822754
BRDA:90,19,0,46575808
BRDA:90,19,1,41206639
BRDA:94,20,0,364516
BRDA:94,20,1,458238
BRDA:94,21,0,822754
BRDA:94,21,1,546704
BRDA:118,22,0,0
BRDA:118,22,1,9442264
BRDA:142,23,0,1472440
BRDA:142,23,1,411472
BRDA:145,24,0,4680
BRDA:145,24,1,1879232
BRDA:158,25,0,3032996
BRDA:158,25,1,5336935
BRDA:161,26,0,0
BRDA:161,26,1,37
BRDA:164,27,0,16
BRDA:164,27,1,21
BRDA:164,28,0,37
BRDA:164,28,1,16
BRDA:168,29,0,1883912
BRDA:168,29,1,316744
BRDA:178,30,0,0
BRDA:178,30,1,48
BRDA:181,31,0,20
BRDA:181,31,1,28
BRDA:181,32,0,48
BRDA:181,32,1,20
BRDA:184,33,0,14
BRDA:184,33,1,14
BRDA:200,34,0,37
BRDA:200,34,1,11
BRDA:216,35,0,48
BRDA:216,35,1,1
BRDA:219,36,0,37
BRDA:219,36,1,5
BRF:78
BRH:65
end_of_record
TN:
SF:src/solutionSwitch.js
FN:10,strProgram
FN:17,convertRec
FN:24,(anonymous_2)
FN:27,(anonymous_3)
FN:30,(anonymous_4)
FN:33,(anonymous_5)
FN:36,(anonymous_6)
FN:39,(anonymous_7)
FN:42,(anonymous_8)
FN:45,(anonymous_9)
FN:48,(anonymous_10)
FN:51,(anonymous_11)
FN:54,(anonymous_12)
FN:57,(anonymous_13)
FN:102,(anonymous_14)
FN:105,(anonymous_15)
FN:108,(anonymous_16)
FN:111,(anonymous_17)
FN:114,(anonymous_18)
FN:117,(anonymous_19)
FN:120,(anonymous_20)
FN:123,(anonymous_21)
FN:126,(anonymous_22)
FN:129,(anonymous_23)
FN:132,(anonymous_24)
FN:135,(anonymous_25)
FN:180,(anonymous_26)
FN:183,(anonymous_27)
FN:186,(anonymous_28)
FN:189,(anonymous_29)
FN:192,(anonymous_30)
FN:195,(anonymous_31)
FN:198,(anonymous_32)
FN:201,(anonymous_33)
FN:204,(anonymous_34)
FN:207,(anonymous_35)
FN:210,(anonymous_36)
FN:213,(anonymous_37)
FNF:38
FNH:38
FNDA:3539060,strProgram
FNDA:16089518,convertRec
FNDA:471491,(anonymous_2)
FNDA:881763,(anonymous_3)
FNDA:882293,(anonymous_4)
FNDA:688305,(anonymous_5)
FNDA:881947,(anonymous_6)
FNDA:881533,(anonymous_7)
FNDA:855890,(anonymous_8)
FNDA:952864,(anonymous_9)
FNDA:986411,(anonymous_10)
FNDA:887644,(anonymous_11)
FNDA:957316,(anonymous_12)
FNDA:957343,(anonymous_13)
FNDA:245476,(anonymous_14)
FNDA:168044,(anonymous_15)
FNDA:168586,(anonymous_16)
FNDA:259322,(anonymous_17)
FNDA:168180,(anonymous_18)
FNDA:168180,(anonymous_19)
FNDA:152696,(anonymous_20)
FNDA:192850,(anonymous_21)
FNDA:249304,(anonymous_22)
FNDA:174692,(anonymous_23)
FNDA:197380,(anonymous_24)
FNDA:197380,(anonymous_25)
FNDA:2011,(anonymous_26)
FNDA:3888,(anonymous_27)
FNDA:3888,(anonymous_28)
FNDA:2397,(anonymous_29)
FNDA:3888,(anonymous_30)
FNDA:3888,(anonymous_31)
FNDA:3792,(anonymous_32)
FNDA:3888,(anonymous_33)
FNDA:3888,(anonymous_34)
FNDA:3792,(anonymous_35)
FNDA:3888,(anonymous_36)
FNDA:3888,(anonymous_37)
DA:11,3539060
DA:12,3539060
DA:13,3539060
DA:14,3539060
DA:15,3539060
DA:16,3539060
DA:18,16089518
DA:19,2838830
DA:21,13250688
DA:22,12705501
DA:24,471491
DA:25,357911
DA:27,881763
DA:28,355709
DA:30,882293
DA:31,355432
DA:33,688305
DA:34,353137
DA:36,881947
DA:37,355708
DA:39,881533
DA:40,355168
DA:42,855890
DA:43,354672
DA:45,952864
DA:46,378008
DA:48,986411
DA:49,386752
DA:51,887644
DA:52,356944
DA:54,957316
DA:55,378808
DA:57,957343
DA:58,378814
DA:60,72262
DA:61,72262
DA:63,72248
DA:64,72248
DA:66,72224
DA:67,72224
DA:69,72224
DA:70,72224
DA:72,276591
DA:73,276591
DA:75,288991
DA:76,288991
DA:78,72135
DA:79,72135
DA:81,71975
DA:82,71975
DA:84,32196
DA:85,32196
DA:87,32196
DA:88,32196
DA:90,8256
DA:91,8256
DA:93,8256
DA:94,8256
DA:96,7258884
DA:99,7804071
DA:100,7048031
DA:102,334702
DA:103,334702
DA:105,306595
DA:106,306595
DA:108,306595
DA:109,306595
DA:111,319051
DA:112,319051
DA:114,306595
DA:115,306595
DA:117,306595
DA:118,306595
DA:120,307267
DA:121,307267
DA:123,310595
DA:124,310595
DA:126,325603
DA:127,325603
DA:129,309267
DA:130,309267
DA:132,311475
DA:133,311475
DA:135,311475
DA:136,311475
DA:138,295843
DA:139,295843
DA:141,309043
DA:142,309043
DA:144,286483
DA:145,286483
DA:147,287363
DA:148,287363
DA:150,282243
DA:151,282243
DA:153,290451
DA:154,290451
DA:156,286483
DA:157,286483
DA:159,287363
DA:160,287363
DA:162,32956
DA:163,32956
DA:165,32956
DA:166,32956
DA:168,31804
DA:169,31804
DA:171,31804
DA:172,31804
DA:174,837424
DA:177,1593464
DA:178,1035986
DA:180,37502
DA:181,37502
DA:183,37740
DA:184,37740
DA:186,37740
DA:187,37740
DA:189,37500
DA:190,37500
DA:192,37740
DA:193,37740
DA:195,37740
DA:196,37740
DA:198,37452
DA:199,37452
DA:201,37740
DA:202,37740
DA:204,37740
DA:205,37740
DA:207,37452
DA:208,37452
DA:210,37740
DA:211,37740
DA:213,37740
DA:214,37740
DA:216,36600
DA:217,36600
DA:219,36600
DA:220,36600
DA:222,36588
DA:223,36588
DA:225,36588
DA:226,36588
DA:228,37740
DA:229,37740
DA:231,37740
DA:232,37740
DA:234,36588
DA:235,36588
DA:237,36588
DA:238,36588
DA:240,36600
DA:241,36600
DA:243,36600
DA:244,36600
DA:246,36588
DA:247,36588
DA:249,36588
DA:250,36588
DA:252,142752
DA:255,700230
DA:256,6
DA:258,700224
DA:260,3539060
LF:165
LH:165
BRDA:18,0,0,2838830
BRDA:18,0,1,13250688
BRDA:21,1,0,12705501
BRDA:21,1,1,545187
BRDA:21,2,0,13250688
BRDA:21,2,1,13250688
BRDA:22,3,0,357911
BRDA:22,3,1,355709
BRDA:22,3,2,355432
BRDA:22,3,3,353137
BRDA:22,3,4,355708
BRDA:22,3,5,355168
BRDA:22,3,6,354672
BRDA:22,3,7,378008
BRDA:22,3,8,386752
BRDA:22,3,9,356944
BRDA:22,3,10,378808
BRDA:22,3,11,378814
BRDA:22,3,12,72262
BRDA:22,3,13,72248
BRDA:22,3,14,72224
BRDA:22,3,15,72224
BRDA:22,3,16,276591
BRDA:22,3,17,288991
BRDA:22,3,18,72135
BRDA:22,3,19,71975
BRDA:22,3,20,32196
BRDA:22,3,21,32196
BRDA:22,3,22,8256
BRDA:22,3,23,8256
BRDA:22,3,24,7258884
BRDA:99,4,0,7048031
BRDA:99,4,1,756040
BRDA:99,5,0,7804071
BRDA:99,5,1,7804071
BRDA:100,6,0,334702
BRDA:100,6,1,306595
BRDA:100,6,2,306595
BRDA:100,6,3,319051
BRDA:100,6,4,306595
BRDA:100,6,5,306595
BRDA:100,6,6,307267
BRDA:100,6,7,310595
BRDA:100,6,8,325603
BRDA:100,6,9,309267
BRDA:100,6,10,311475
BRDA:100,6,11,311475
BRDA:100,6,12,295843
BRDA:100,6,13,309043
BRDA:100,6,14,286483
BRDA:100,6,15,287363
BRDA:100,6,16,282243
BRDA:100,6,17,290451
BRDA:100,6,18,286483
BRDA:100,6,19,287363
BRDA:100,6,20,32956
BRDA:100,6,21,32956
BRDA:100,6,22,31804
BRDA:100,6,23,31804
BRDA:100,6,24,837424
BRDA:177,7,0,1035986
BRDA:177,7,1,557478
BRDA:177,8,0,1593464
BRDA:177,8,1,1593464
BRDA:178,9,0,37502
BRDA:178,9,1,37740
BRDA:178,9,2,37740
BRDA:178,9,3,37500
BRDA:178,9,4,37740
BRDA:178,9,5,37740
BRDA:178,9,6,37452
BRDA:178,9,7,37740
BRDA:178,9,8,37740
BRDA:178,9,9,37452
BRDA:178,9,10,37740
BRDA:178,9,11,37740
BRDA:178,9,12,36600
BRDA:178,9,13,36600
BRDA:178,9,14,36588
BRDA:178,9,15,36588
BRDA:178,9,16,37740
BRDA:178,9,17,37740
BRDA:178,9,18,36588
BRDA:178,9,19,36588
BRDA:178,9,20,36600
BRDA:178,9,21,36600
BRDA:178,9,22,36588
BRDA:178,9,23,36588
BRDA:178,9,24,142752
BRDA:255,10,0,6
BRDA:255,10,1,700224
BRDA:255,11,0,700230
BRDA:255,11,1,225286
BRDA:255,11,2,94854
BRF:94
BRH:94
end_of_record
TN:
SF:src/stack.js
FN:7,stackCreateEmpty
FN:16,stackIsEmpty
FN:26,stackPush
FN:35,stackPop
FN:47,stackPeek
FN:59,stackDisplay
FN:69,stackAppend
FN:81,stackReverse
FN:82,reverse
FN:97,stackLength
FNF:10
FNH:10
FNDA:7078172,stackCreateEmpty
FNDA:278539197,stackIsEmpty
FNDA:128495540,stackPush
FNDA:124015493,stackPop
FNDA:88336663,stackPeek
FNDA:5,stackDisplay
FNDA:3,stackAppend
FNDA:1,stackReverse
FNDA:4,reverse
FNDA:4,stackLength
DA:8,7078172
DA:17,278539197
DA:27,128495540
DA:36,124015493
DA:37,1
DA:39,124015492
DA:48,88336663
DA:49,1
DA:51,88336662
DA:60,5
DA:70,3
DA:71,2
DA:73,1
DA:83,4
DA:84,1
DA:86,3
DA:89,1
DA:98,4
DA:99,1
DA:101,3
LF:20
LH:20
BRDA:36,0,0,1
BRDA:36,0,1,124015492
BRDA:48,1,0,1
BRDA:48,1,1,88336662
BRDA:70,2,0,2
BRDA:70,2,1,1
BRDA:83,3,0,1
BRDA:83,3,1,3
BRDA:98,4,0,1
BRDA:98,4,1,3
BRF:10
BRH:10
end_of_record
